{"contracts\\Adminable.sol":{"l":{"22":644,"26":628,"30":3969,"31":3957,"35":1909,"36":1897,"40":1710,"47":18,"56":114,"57":114},"path":"D:\\METAVERSUS\\bsc-metaversus-contracts\\contracts\\Adminable.sol","s":{"1":644,"2":3969,"3":1909,"4":1710,"5":18,"6":114,"7":114},"b":{"1":[628,16],"2":[3957,12],"3":[1897,12]},"f":{"1":644,"2":3969,"3":1909,"4":1710,"5":18,"6":114},"fnMap":{"1":{"name":"onlyOwnerOrAdmin","line":21,"loc":{"start":{"line":21,"column":4},"end":{"line":27,"column":4}}},"2":{"name":"notZeroAddress","line":29,"loc":{"start":{"line":29,"column":4},"end":{"line":32,"column":4}}},"3":{"name":"notZeroAmount","line":34,"loc":{"start":{"line":34,"column":4},"end":{"line":37,"column":4}}},"4":{"name":"__Adminable_init","line":39,"loc":{"start":{"line":39,"column":4},"end":{"line":41,"column":4}}},"5":{"name":"isAdmin","line":46,"loc":{"start":{"line":46,"column":4},"end":{"line":48,"column":4}}},"6":{"name":"setAdmin","line":55,"loc":{"start":{"line":55,"column":4},"end":{"line":58,"column":4}}}},"statementMap":{"1":{"start":{"line":22,"column":8},"end":{"line":22,"column":594}},"2":{"start":{"line":30,"column":8},"end":{"line":30,"column":62}},"3":{"start":{"line":35,"column":8},"end":{"line":35,"column":71}},"4":{"start":{"line":40,"column":8},"end":{"line":40,"column":42}},"5":{"start":{"line":47,"column":8},"end":{"line":47,"column":30}},"6":{"start":{"line":56,"column":8},"end":{"line":56,"column":27}},"7":{"start":{"line":57,"column":8},"end":{"line":57,"column":34}}},"branchMap":{"1":{"line":22,"type":"if","locations":[{"start":{"line":22,"column":8},"end":{"line":22,"column":8}},{"start":{"line":22,"column":8},"end":{"line":22,"column":8}}]},"2":{"line":30,"type":"if","locations":[{"start":{"line":30,"column":8},"end":{"line":30,"column":8}},{"start":{"line":30,"column":8},"end":{"line":30,"column":8}}]},"3":{"line":35,"type":"if","locations":[{"start":{"line":35,"column":8},"end":{"line":35,"column":8}},{"start":{"line":35,"column":8},"end":{"line":35,"column":8}}]}}},"contracts\\interfaces\\IMarketplaceManager.sol":{"l":{},"path":"D:\\METAVERSUS\\bsc-metaversus-contracts\\contracts\\interfaces\\IMarketplaceManager.sol","s":{},"b":{},"f":{},"fnMap":{},"statementMap":{},"branchMap":{}},"contracts\\interfaces\\INFTMTVSTicket.sol":{"l":{},"path":"D:\\METAVERSUS\\bsc-metaversus-contracts\\contracts\\interfaces\\INFTMTVSTicket.sol","s":{},"b":{},"f":{},"fnMap":{},"statementMap":{},"branchMap":{}},"contracts\\interfaces\\IRandomVRF.sol":{"l":{},"path":"D:\\METAVERSUS\\bsc-metaversus-contracts\\contracts\\interfaces\\IRandomVRF.sol","s":{},"b":{},"f":{},"fnMap":{},"statementMap":{},"branchMap":{}},"contracts\\interfaces\\IStakingPool.sol":{"l":{},"path":"D:\\METAVERSUS\\bsc-metaversus-contracts\\contracts\\interfaces\\IStakingPool.sol","s":{},"b":{},"f":{},"fnMap":{},"statementMap":{},"branchMap":{}},"contracts\\interfaces\\ITokenMintERC1155.sol":{"l":{},"path":"D:\\METAVERSUS\\bsc-metaversus-contracts\\contracts\\interfaces\\ITokenMintERC1155.sol","s":{},"b":{},"f":{},"fnMap":{},"statementMap":{},"branchMap":{}},"contracts\\interfaces\\ITokenMintERC721.sol":{"l":{},"path":"D:\\METAVERSUS\\bsc-metaversus-contracts\\contracts\\interfaces\\ITokenMintERC721.sol","s":{},"b":{},"f":{},"fnMap":{},"statementMap":{},"branchMap":{}},"contracts\\Marketplace\\MarketplaceManager.sol":{"l":{"145":11,"146":7,"153":276,"154":231,"157":276,"174":231,"175":231,"176":231,"177":231,"178":231,"179":231,"180":231,"196":0,"205":3,"206":3,"207":3,"216":2,"223":0,"224":0,"226":0,"227":0,"229":0,"236":28,"240":28,"247":4,"251":4,"258":1,"262":1,"269":28,"270":24,"272":4,"273":3,"276":1,"288":1,"289":1,"296":1,"298":1,"299":1,"302":1,"303":1,"305":0,"318":3,"319":3,"320":3,"322":2,"323":2,"324":2,"327":2,"335":2,"361":16,"362":16,"364":15,"365":15,"367":15,"368":15,"369":15,"370":15,"371":2,"373":15,"374":9,"375":9,"377":15,"390":15,"392":15,"419":7,"421":7,"444":9,"446":9,"455":8,"469":2,"470":2,"471":2,"473":1,"474":1,"477":1,"484":1,"508":1,"509":1,"515":1,"516":1,"517":1,"519":1,"521":1,"523":1,"526":1,"528":1,"536":1,"559":12,"560":12,"562":12,"563":11,"565":1,"579":2,"581":2,"592":8,"594":8,"595":7,"596":7,"597":7,"600":1,"611":0,"612":0,"613":0,"614":0,"615":0,"616":0,"617":0,"618":0,"619":0,"621":0,"630":0,"632":0,"633":0,"634":0,"635":0,"636":0,"637":0,"640":0,"653":3,"666":4,"667":4,"668":5,"670":4,"684":9,"699":6},"path":"D:\\METAVERSUS\\bsc-metaversus-contracts\\contracts\\Marketplace\\MarketplaceManager.sol","s":{"1":11,"2":276,"3":231,"4":45,"5":276,"6":231,"7":231,"8":231,"9":231,"10":231,"11":231,"12":231,"13":0,"14":3,"15":3,"16":3,"17":2,"18":0,"19":0,"20":0,"21":0,"22":0,"23":28,"24":28,"25":4,"26":4,"27":1,"28":1,"29":28,"30":24,"31":4,"32":3,"33":1,"34":1,"35":1,"36":1,"37":1,"38":1,"39":1,"40":1,"41":0,"42":3,"43":3,"44":3,"45":2,"46":2,"47":2,"48":2,"49":2,"50":16,"51":16,"52":15,"53":15,"54":15,"55":15,"56":15,"57":15,"58":2,"59":15,"60":9,"61":9,"62":15,"63":15,"64":15,"65":7,"66":7,"67":9,"68":9,"69":8,"70":2,"71":2,"72":2,"73":1,"74":1,"75":1,"76":1,"77":1,"78":1,"79":1,"80":1,"81":1,"82":1,"83":1,"84":1,"85":1,"86":1,"87":1,"88":12,"89":12,"90":12,"91":11,"92":1,"93":2,"94":2,"95":8,"96":8,"97":7,"98":7,"99":7,"100":1,"101":0,"102":0,"103":0,"104":0,"105":0,"106":0,"107":0,"108":0,"109":0,"110":0,"111":0,"112":0,"113":0,"114":0,"115":0,"116":0,"117":0,"118":0,"119":3,"120":4,"121":4,"122":5,"123":4,"124":9,"125":6},"b":{"1":[7,4],"2":[231,45],"3":[0,0],"4":[0,0],"5":[24,4],"6":[3,1],"7":[1,0],"8":[1,0],"9":[3,0],"10":[2,1],"11":[15,1],"12":[2,13],"13":[9,6],"14":[7,0],"15":[9,0],"16":[2,0],"17":[1,1],"18":[1,0],"19":[12,0],"20":[11,1],"21":[0,7],"22":[0,0],"23":[0,0]},"f":{"1":11,"2":276,"3":231,"4":0,"5":3,"6":2,"7":0,"8":28,"9":4,"10":1,"11":28,"12":1,"13":3,"14":16,"15":7,"16":9,"17":2,"18":1,"19":12,"20":2,"21":8,"22":0,"23":0,"24":3,"25":4,"26":9,"27":6},"fnMap":{"1":{"name":"validateId","line":144,"loc":{"start":{"line":144,"column":4},"end":{"line":147,"column":4}}},"2":{"name":"setPause","line":152,"loc":{"start":{"line":152,"column":4},"end":{"line":158,"column":4}}},"3":{"name":"initialize","line":172,"loc":{"start":{"line":163,"column":4},"end":{"line":181,"column":4}}},"4":{"name":"getAllParams","line":186,"loc":{"start":{"line":186,"column":4},"end":{"line":197,"column":4}}},"5":{"name":"setTreasury","line":204,"loc":{"start":{"line":204,"column":4},"end":{"line":208,"column":4}}},"6":{"name":"getListingFee","line":215,"loc":{"start":{"line":215,"column":4},"end":{"line":217,"column":4}}},"7":{"name":"checkStandard","line":222,"loc":{"start":{"line":222,"column":4},"end":{"line":230,"column":4}}},"8":{"name":"is721","line":235,"loc":{"start":{"line":235,"column":4},"end":{"line":241,"column":4}}},"9":{"name":"is1155","line":246,"loc":{"start":{"line":246,"column":4},"end":{"line":252,"column":4}}},"10":{"name":"isRoyalty","line":257,"loc":{"start":{"line":257,"column":4},"end":{"line":263,"column":4}}},"11":{"name":"_checkNftStandard","line":268,"loc":{"start":{"line":268,"column":4},"end":{"line":277,"column":4}}},"12":{"name":"_deduceRoyalties","line":282,"loc":{"start":{"line":282,"column":4},"end":{"line":306,"column":4}}},"13":{"name":"sellAvaiableInMarketplace","line":317,"loc":{"start":{"line":313,"column":4},"end":{"line":346,"column":4}}},"14":{"name":"_createMarketInfo","line":353,"loc":{"start":{"line":353,"column":4},"end":{"line":403,"column":4}}},"15":{"name":"callAfterMint","line":417,"loc":{"start":{"line":405,"column":4},"end":{"line":422,"column":4}}},"16":{"name":"sell","line":442,"loc":{"start":{"line":429,"column":4},"end":{"line":456,"column":4}}},"17":{"name":"cancelSell","line":467,"loc":{"start":{"line":463,"column":4},"end":{"line":495,"column":4}}},"18":{"name":"buy","line":506,"loc":{"start":{"line":502,"column":4},"end":{"line":547,"column":4}}},"19":{"name":"_transferNFTCall","line":552,"loc":{"start":{"line":552,"column":4},"end":{"line":567,"column":4}}},"20":{"name":"getRoyaltyInfo","line":574,"loc":{"start":{"line":574,"column":4},"end":{"line":582,"column":4}}},"21":{"name":"getLatestMarketItemByTokenId","line":587,"loc":{"start":{"line":587,"column":4},"end":{"line":601,"column":4}}},"22":{"name":"getHistoryByTokenId","line":606,"loc":{"start":{"line":606,"column":4},"end":{"line":622,"column":4}}},"23":{"name":"fetchAvailableMarketItems","line":629,"loc":{"start":{"line":629,"column":4},"end":{"line":641,"column":4}}},"24":{"name":"fetchMarketItemsByMarketID","line":648,"loc":{"start":{"line":648,"column":4},"end":{"line":654,"column":4}}},"25":{"name":"fetchMarketItemsByAddress","line":661,"loc":{"start":{"line":661,"column":4},"end":{"line":671,"column":4}}},"26":{"name":"onERC721Received","line":678,"loc":{"start":{"line":678,"column":4},"end":{"line":685,"column":4}}},"27":{"name":"onERC1155Received","line":692,"loc":{"start":{"line":692,"column":4},"end":{"line":700,"column":4}}}},"statementMap":{"1":{"start":{"line":145,"column":8},"end":{"line":145,"column":91}},"2":{"start":{"line":153,"column":8},"end":{"line":153,"column":5325}},"3":{"start":{"line":154,"column":12},"end":{"line":154,"column":19}},"4":{"start":{"line":155,"column":15},"end":{"line":155,"column":24}},"5":{"start":{"line":157,"column":8},"end":{"line":157,"column":30}},"6":{"start":{"line":174,"column":8},"end":{"line":174,"column":35}},"7":{"start":{"line":175,"column":8},"end":{"line":175,"column":44}},"8":{"start":{"line":176,"column":8},"end":{"line":176,"column":54}},"9":{"start":{"line":177,"column":8},"end":{"line":177,"column":32}},"10":{"start":{"line":178,"column":8},"end":{"line":178,"column":27}},"11":{"start":{"line":179,"column":8},"end":{"line":179,"column":24}},"12":{"start":{"line":180,"column":8},"end":{"line":180,"column":21}},"13":{"start":{"line":196,"column":8},"end":{"line":196,"column":73}},"14":{"start":{"line":205,"column":8},"end":{"line":205,"column":38}},"15":{"start":{"line":206,"column":8},"end":{"line":206,"column":25}},"16":{"start":{"line":207,"column":8},"end":{"line":207,"column":47}},"17":{"start":{"line":216,"column":8},"end":{"line":216,"column":54}},"18":{"start":{"line":223,"column":8},"end":{"line":223,"column":7120}},"19":{"start":{"line":224,"column":12},"end":{"line":224,"column":46}},"20":{"start":{"line":226,"column":8},"end":{"line":226,"column":7266}},"21":{"start":{"line":227,"column":12},"end":{"line":227,"column":47}},"22":{"start":{"line":229,"column":8},"end":{"line":229,"column":40}},"23":{"start":{"line":236,"column":8},"end":{"line":236,"column":7640}},"24":{"start":{"line":240,"column":8},"end":{"line":240,"column":95}},"25":{"start":{"line":247,"column":8},"end":{"line":247,"column":8066}},"26":{"start":{"line":251,"column":8},"end":{"line":251,"column":97}},"27":{"start":{"line":258,"column":8},"end":{"line":258,"column":8497}},"28":{"start":{"line":262,"column":8},"end":{"line":262,"column":97}},"29":{"start":{"line":269,"column":8},"end":{"line":269,"column":8909}},"30":{"start":{"line":270,"column":12},"end":{"line":270,"column":37}},"31":{"start":{"line":272,"column":8},"end":{"line":272,"column":8993}},"32":{"start":{"line":273,"column":12},"end":{"line":273,"column":38}},"33":{"start":{"line":276,"column":8},"end":{"line":276,"column":31}},"34":{"start":{"line":288,"column":8},"end":{"line":288,"column":9446}},"35":{"start":{"line":289,"column":12},"end":{"line":289,"column":9501}},"36":{"start":{"line":296,"column":12},"end":{"line":296,"column":67}},"37":{"start":{"line":298,"column":12},"end":{"line":298,"column":9878}},"38":{"start":{"line":299,"column":16},"end":{"line":299,"column":76}},"39":{"start":{"line":302,"column":12},"end":{"line":302,"column":56}},"40":{"start":{"line":303,"column":12},"end":{"line":303,"column":31}},"41":{"start":{"line":305,"column":8},"end":{"line":305,"column":29}},"42":{"start":{"line":318,"column":8},"end":{"line":318,"column":72}},"43":{"start":{"line":319,"column":8},"end":{"line":319,"column":82}},"44":{"start":{"line":320,"column":8},"end":{"line":320,"column":82}},"45":{"start":{"line":322,"column":8},"end":{"line":322,"column":25}},"46":{"start":{"line":323,"column":8},"end":{"line":323,"column":45}},"47":{"start":{"line":324,"column":8},"end":{"line":324,"column":26}},"48":{"start":{"line":327,"column":8},"end":{"line":327,"column":10950}},"49":{"start":{"line":335,"column":8},"end":{"line":335,"column":11138}},"50":{"start":{"line":361,"column":8},"end":{"line":361,"column":60}},"51":{"start":{"line":362,"column":8},"end":{"line":362,"column":81}},"52":{"start":{"line":364,"column":8},"end":{"line":364,"column":33}},"53":{"start":{"line":365,"column":8},"end":{"line":365,"column":55}},"54":{"start":{"line":367,"column":8},"end":{"line":367,"column":21}},"55":{"start":{"line":368,"column":8},"end":{"line":368,"column":20}},"56":{"start":{"line":369,"column":8},"end":{"line":369,"column":26}},"57":{"start":{"line":370,"column":8},"end":{"line":370,"column":12101}},"58":{"start":{"line":371,"column":12},"end":{"line":371,"column":27}},"59":{"start":{"line":373,"column":8},"end":{"line":373,"column":12190}},"60":{"start":{"line":374,"column":12},"end":{"line":374,"column":34}},"61":{"start":{"line":375,"column":12},"end":{"line":375,"column":23}},"62":{"start":{"line":377,"column":8},"end":{"line":377,"column":12329}},"63":{"start":{"line":390,"column":8},"end":{"line":390,"column":51}},"64":{"start":{"line":392,"column":8},"end":{"line":392,"column":12715}},"65":{"start":{"line":419,"column":8},"end":{"line":419,"column":65}},"66":{"start":{"line":421,"column":8},"end":{"line":421,"column":89}},"67":{"start":{"line":444,"column":8},"end":{"line":444,"column":61}},"68":{"start":{"line":446,"column":8},"end":{"line":446,"column":14167}},"69":{"start":{"line":455,"column":8},"end":{"line":455,"column":89}},"70":{"start":{"line":469,"column":8},"end":{"line":469,"column":72}},"71":{"start":{"line":470,"column":8},"end":{"line":470,"column":85}},"72":{"start":{"line":471,"column":8},"end":{"line":471,"column":78}},"73":{"start":{"line":473,"column":8},"end":{"line":473,"column":46}},"74":{"start":{"line":474,"column":8},"end":{"line":474,"column":59}},"75":{"start":{"line":477,"column":8},"end":{"line":477,"column":15216}},"76":{"start":{"line":484,"column":8},"end":{"line":484,"column":15401}},"77":{"start":{"line":508,"column":8},"end":{"line":508,"column":72}},"78":{"start":{"line":509,"column":8},"end":{"line":509,"column":16039}},"79":{"start":{"line":515,"column":8},"end":{"line":515,"column":32}},"80":{"start":{"line":516,"column":8},"end":{"line":516,"column":42}},"81":{"start":{"line":517,"column":8},"end":{"line":517,"column":59}},"82":{"start":{"line":519,"column":8},"end":{"line":519,"column":77}},"83":{"start":{"line":521,"column":8},"end":{"line":521,"column":69}},"84":{"start":{"line":523,"column":8},"end":{"line":523,"column":91}},"85":{"start":{"line":526,"column":8},"end":{"line":526,"column":59}},"86":{"start":{"line":528,"column":8},"end":{"line":528,"column":16921}},"87":{"start":{"line":536,"column":8},"end":{"line":536,"column":17108}},"88":{"start":{"line":559,"column":8},"end":{"line":559,"column":67}},"89":{"start":{"line":560,"column":8},"end":{"line":560,"column":81}},"90":{"start":{"line":562,"column":8},"end":{"line":562,"column":17788}},"91":{"start":{"line":563,"column":12},"end":{"line":563,"column":85}},"92":{"start":{"line":565,"column":12},"end":{"line":565,"column":98}},"93":{"start":{"line":579,"column":8},"end":{"line":579,"column":18392}},"94":{"start":{"line":581,"column":8},"end":{"line":581,"column":51}},"95":{"start":{"line":592,"column":8},"end":{"line":592,"column":53}},"96":{"start":{"line":594,"column":8},"end":{"line":594,"column":18850}},"97":{"start":{"line":595,"column":12},"end":{"line":595,"column":64}},"98":{"start":{"line":596,"column":12},"end":{"line":596,"column":90}},"99":{"start":{"line":597,"column":12},"end":{"line":597,"column":31}},"100":{"start":{"line":600,"column":8},"end":{"line":600,"column":51}},"101":{"start":{"line":611,"column":8},"end":{"line":611,"column":53}},"102":{"start":{"line":612,"column":8},"end":{"line":612,"column":32}},"103":{"start":{"line":613,"column":8},"end":{"line":613,"column":59}},"104":{"start":{"line":614,"column":8},"end":{"line":614,"column":19586}},"105":{"start":{"line":615,"column":12},"end":{"line":615,"column":64}},"106":{"start":{"line":616,"column":12},"end":{"line":616,"column":90}},"107":{"start":{"line":617,"column":12},"end":{"line":617,"column":37}},"108":{"start":{"line":618,"column":12},"end":{"line":618,"column":28}},"109":{"start":{"line":619,"column":12},"end":{"line":619,"column":44}},"110":{"start":{"line":621,"column":8},"end":{"line":621,"column":20}},"111":{"start":{"line":630,"column":8},"end":{"line":630,"column":53}},"112":{"start":{"line":632,"column":8},"end":{"line":632,"column":70}},"113":{"start":{"line":633,"column":8},"end":{"line":633,"column":32}},"114":{"start":{"line":634,"column":8},"end":{"line":634,"column":20348}},"115":{"start":{"line":635,"column":12},"end":{"line":635,"column":68}},"116":{"start":{"line":636,"column":12},"end":{"line":636,"column":43}},"117":{"start":{"line":637,"column":12},"end":{"line":637,"column":28}},"118":{"start":{"line":640,"column":8},"end":{"line":640,"column":26}},"119":{"start":{"line":653,"column":8},"end":{"line":653,"column":49}},"120":{"start":{"line":666,"column":8},"end":{"line":666,"column":88}},"121":{"start":{"line":667,"column":8},"end":{"line":667,"column":21296}},"122":{"start":{"line":668,"column":12},"end":{"line":668,"column":79}},"123":{"start":{"line":670,"column":8},"end":{"line":670,"column":19}},"124":{"start":{"line":684,"column":8},"end":{"line":684,"column":45}},"125":{"start":{"line":699,"column":8},"end":{"line":699,"column":46}}},"branchMap":{"1":{"line":145,"type":"if","locations":[{"start":{"line":145,"column":8},"end":{"line":145,"column":8}},{"start":{"line":145,"column":8},"end":{"line":145,"column":8}}]},"2":{"line":153,"type":"if","locations":[{"start":{"line":153,"column":8},"end":{"line":153,"column":8}},{"start":{"line":153,"column":8},"end":{"line":153,"column":8}}]},"3":{"line":223,"type":"if","locations":[{"start":{"line":223,"column":8},"end":{"line":223,"column":8}},{"start":{"line":223,"column":8},"end":{"line":223,"column":8}}]},"4":{"line":226,"type":"if","locations":[{"start":{"line":226,"column":8},"end":{"line":226,"column":8}},{"start":{"line":226,"column":8},"end":{"line":226,"column":8}}]},"5":{"line":269,"type":"if","locations":[{"start":{"line":269,"column":8},"end":{"line":269,"column":8}},{"start":{"line":269,"column":8},"end":{"line":269,"column":8}}]},"6":{"line":272,"type":"if","locations":[{"start":{"line":272,"column":8},"end":{"line":272,"column":8}},{"start":{"line":272,"column":8},"end":{"line":272,"column":8}}]},"7":{"line":288,"type":"if","locations":[{"start":{"line":288,"column":8},"end":{"line":288,"column":8}},{"start":{"line":288,"column":8},"end":{"line":288,"column":8}}]},"8":{"line":298,"type":"if","locations":[{"start":{"line":298,"column":12},"end":{"line":298,"column":12}},{"start":{"line":298,"column":12},"end":{"line":298,"column":12}}]},"9":{"line":319,"type":"if","locations":[{"start":{"line":319,"column":8},"end":{"line":319,"column":8}},{"start":{"line":319,"column":8},"end":{"line":319,"column":8}}]},"10":{"line":320,"type":"if","locations":[{"start":{"line":320,"column":8},"end":{"line":320,"column":8}},{"start":{"line":320,"column":8},"end":{"line":320,"column":8}}]},"11":{"line":362,"type":"if","locations":[{"start":{"line":362,"column":8},"end":{"line":362,"column":8}},{"start":{"line":362,"column":8},"end":{"line":362,"column":8}}]},"12":{"line":370,"type":"if","locations":[{"start":{"line":370,"column":8},"end":{"line":370,"column":8}},{"start":{"line":370,"column":8},"end":{"line":370,"column":8}}]},"13":{"line":373,"type":"if","locations":[{"start":{"line":373,"column":8},"end":{"line":373,"column":8}},{"start":{"line":373,"column":8},"end":{"line":373,"column":8}}]},"14":{"line":419,"type":"if","locations":[{"start":{"line":419,"column":8},"end":{"line":419,"column":8}},{"start":{"line":419,"column":8},"end":{"line":419,"column":8}}]},"15":{"line":444,"type":"if","locations":[{"start":{"line":444,"column":8},"end":{"line":444,"column":8}},{"start":{"line":444,"column":8},"end":{"line":444,"column":8}}]},"16":{"line":470,"type":"if","locations":[{"start":{"line":470,"column":8},"end":{"line":470,"column":8}},{"start":{"line":470,"column":8},"end":{"line":470,"column":8}}]},"17":{"line":471,"type":"if","locations":[{"start":{"line":471,"column":8},"end":{"line":471,"column":8}},{"start":{"line":471,"column":8},"end":{"line":471,"column":8}}]},"18":{"line":509,"type":"if","locations":[{"start":{"line":509,"column":8},"end":{"line":509,"column":8}},{"start":{"line":509,"column":8},"end":{"line":509,"column":8}}]},"19":{"line":560,"type":"if","locations":[{"start":{"line":560,"column":8},"end":{"line":560,"column":8}},{"start":{"line":560,"column":8},"end":{"line":560,"column":8}}]},"20":{"line":562,"type":"if","locations":[{"start":{"line":562,"column":8},"end":{"line":562,"column":8}},{"start":{"line":562,"column":8},"end":{"line":562,"column":8}}]},"21":{"line":596,"type":"if","locations":[{"start":{"line":596,"column":12},"end":{"line":596,"column":12}},{"start":{"line":596,"column":12},"end":{"line":596,"column":12}}]},"22":{"line":616,"type":"if","locations":[{"start":{"line":616,"column":12},"end":{"line":616,"column":12}},{"start":{"line":616,"column":12},"end":{"line":616,"column":12}}]},"23":{"line":619,"type":"if","locations":[{"start":{"line":619,"column":12},"end":{"line":619,"column":12}},{"start":{"line":619,"column":12},"end":{"line":619,"column":12}}]}}},"contracts\\Marketplace\\MetaversusManager.sol":{"l":{"87":180,"88":135,"91":180,"115":135,"116":135,"117":135,"118":135,"119":135,"120":135,"121":135,"122":135,"123":135,"124":135,"125":135,"126":135,"133":0,"140":0,"160":0,"178":3,"179":3,"180":3,"193":2,"194":2,"195":2,"208":2,"209":2,"224":7,"226":7,"227":5,"228":5,"229":5,"238":2,"239":2,"240":2,"250":7,"259":1,"264":1,"266":1,"280":1,"282":1},"path":"D:\\METAVERSUS\\bsc-metaversus-contracts\\contracts\\Marketplace\\MetaversusManager.sol","s":{"1":180,"2":135,"3":45,"4":180,"5":135,"6":135,"7":135,"8":135,"9":135,"10":135,"11":135,"12":135,"13":135,"14":135,"15":135,"16":135,"17":0,"18":0,"19":0,"20":3,"21":3,"22":3,"23":2,"24":2,"25":2,"26":2,"27":2,"28":7,"29":7,"30":5,"31":5,"32":5,"33":2,"34":2,"35":2,"36":2,"37":7,"38":1,"39":1,"40":1,"41":1,"42":1},"b":{"1":[135,45],"2":[5,2],"3":[2,0]},"f":{"1":180,"2":135,"3":0,"4":0,"5":0,"6":3,"7":2,"8":2,"9":7,"10":1,"11":1},"fnMap":{"1":{"name":"setPause","line":86,"loc":{"start":{"line":86,"column":4},"end":{"line":92,"column":4}}},"2":{"name":"initialize","line":113,"loc":{"start":{"line":97,"column":4},"end":{"line":127,"column":4}}},"3":{"name":"getCreateFee","line":132,"loc":{"start":{"line":132,"column":4},"end":{"line":134,"column":4}}},"4":{"name":"getTicketFee","line":139,"loc":{"start":{"line":139,"column":4},"end":{"line":141,"column":4}}},"5":{"name":"getAllParams","line":146,"loc":{"start":{"line":146,"column":4},"end":{"line":170,"column":4}}},"6":{"name":"setTreasury","line":177,"loc":{"start":{"line":177,"column":4},"end":{"line":181,"column":4}}},"7":{"name":"setMarketplace","line":191,"loc":{"start":{"line":188,"column":4},"end":{"line":196,"column":4}}},"8":{"name":"setFee","line":206,"loc":{"start":{"line":203,"column":4},"end":{"line":210,"column":4}}},"9":{"name":"createNFT","line":223,"loc":{"start":{"line":217,"column":4},"end":{"line":251,"column":4}}},"10":{"name":"buyTicket","line":258,"loc":{"start":{"line":258,"column":4},"end":{"line":267,"column":4}}},"11":{"name":"buyTicketEvent","line":278,"loc":{"start":{"line":274,"column":4},"end":{"line":283,"column":4}}}},"statementMap":{"1":{"start":{"line":87,"column":8},"end":{"line":87,"column":2881}},"2":{"start":{"line":88,"column":12},"end":{"line":88,"column":19}},"3":{"start":{"line":89,"column":15},"end":{"line":89,"column":24}},"4":{"start":{"line":91,"column":8},"end":{"line":91,"column":30}},"5":{"start":{"line":115,"column":8},"end":{"line":115,"column":35}},"6":{"start":{"line":116,"column":8},"end":{"line":116,"column":44}},"7":{"start":{"line":117,"column":8},"end":{"line":117,"column":32}},"8":{"start":{"line":118,"column":8},"end":{"line":118,"column":27}},"9":{"start":{"line":119,"column":8},"end":{"line":119,"column":58}},"10":{"start":{"line":120,"column":8},"end":{"line":120,"column":54}},"11":{"start":{"line":121,"column":8},"end":{"line":121,"column":53}},"12":{"start":{"line":122,"column":8},"end":{"line":122,"column":56}},"13":{"start":{"line":123,"column":8},"end":{"line":123,"column":45}},"14":{"start":{"line":124,"column":8},"end":{"line":124,"column":53}},"15":{"start":{"line":125,"column":8},"end":{"line":125,"column":62}},"16":{"start":{"line":126,"column":8},"end":{"line":126,"column":21}},"17":{"start":{"line":133,"column":8},"end":{"line":133,"column":22}},"18":{"start":{"line":140,"column":8},"end":{"line":140,"column":22}},"19":{"start":{"line":160,"column":8},"end":{"line":160,"column":4755}},"20":{"start":{"line":178,"column":8},"end":{"line":178,"column":38}},"21":{"start":{"line":179,"column":8},"end":{"line":179,"column":25}},"22":{"start":{"line":180,"column":8},"end":{"line":180,"column":47}},"23":{"start":{"line":193,"column":8},"end":{"line":193,"column":53}},"24":{"start":{"line":194,"column":8},"end":{"line":194,"column":56}},"25":{"start":{"line":195,"column":8},"end":{"line":195,"column":65}},"26":{"start":{"line":208,"column":8},"end":{"line":208,"column":38}},"27":{"start":{"line":209,"column":8},"end":{"line":209,"column":45}},"28":{"start":{"line":224,"column":8},"end":{"line":224,"column":95}},"29":{"start":{"line":226,"column":8},"end":{"line":226,"column":6684}},"30":{"start":{"line":227,"column":12},"end":{"line":227,"column":72}},"31":{"start":{"line":228,"column":12},"end":{"line":228,"column":65}},"32":{"start":{"line":229,"column":12},"end":{"line":229,"column":6878}},"33":{"start":{"line":237,"column":15},"end":{"line":237,"column":7106}},"34":{"start":{"line":238,"column":12},"end":{"line":238,"column":81}},"35":{"start":{"line":239,"column":12},"end":{"line":239,"column":66}},"36":{"start":{"line":240,"column":12},"end":{"line":240,"column":7311}},"37":{"start":{"line":250,"column":8},"end":{"line":250,"column":60}},"38":{"start":{"line":259,"column":8},"end":{"line":259,"column":7809}},"39":{"start":{"line":264,"column":8},"end":{"line":264,"column":35}},"40":{"start":{"line":266,"column":8},"end":{"line":266,"column":39}},"41":{"start":{"line":280,"column":8},"end":{"line":280,"column":68}},"42":{"start":{"line":282,"column":8},"end":{"line":282,"column":53}}},"branchMap":{"1":{"line":87,"type":"if","locations":[{"start":{"line":87,"column":8},"end":{"line":87,"column":8}},{"start":{"line":87,"column":8},"end":{"line":87,"column":8}}]},"2":{"line":226,"type":"if","locations":[{"start":{"line":226,"column":8},"end":{"line":226,"column":8}},{"start":{"line":226,"column":8},"end":{"line":226,"column":8}}]},"3":{"line":237,"type":"if","locations":[{"start":{"line":237,"column":15},"end":{"line":237,"column":15}},{"start":{"line":237,"column":15},"end":{"line":237,"column":15}}]}}},"contracts\\StakingPool\\PoolFactory.sol":{"l":{"29":18,"30":18,"41":6,"42":6,"43":6,"44":6,"45":6,"48":6,"49":6,"52":6,"54":6,"58":2,"59":2,"63":1,"67":2,"68":2,"69":4,"71":2},"path":"D:\\METAVERSUS\\bsc-metaversus-contracts\\contracts\\StakingPool\\PoolFactory.sol","s":{"1":18,"2":18,"3":6,"4":6,"5":6,"6":6,"7":6,"8":6,"9":6,"10":6,"11":6,"12":2,"13":2,"14":1,"15":2,"16":2,"17":4,"18":2},"b":{"1":[6,0]},"f":{"1":18,"2":6,"3":2,"4":1,"5":2},"fnMap":{"1":{"name":"initialize","line":28,"loc":{"start":{"line":28,"column":4},"end":{"line":31,"column":4}}},"2":{"name":"create","line":40,"loc":{"start":{"line":33,"column":4},"end":{"line":55,"column":4}}},"3":{"name":"getPool","line":57,"loc":{"start":{"line":57,"column":4},"end":{"line":60,"column":4}}},"4":{"name":"getPoolInfo","line":62,"loc":{"start":{"line":62,"column":4},"end":{"line":64,"column":4}}},"5":{"name":"getAllPool","line":66,"loc":{"start":{"line":66,"column":4},"end":{"line":72,"column":4}}}},"statementMap":{"1":{"start":{"line":29,"column":8},"end":{"line":29,"column":35}},"2":{"start":{"line":30,"column":8},"end":{"line":30,"column":27}},"3":{"start":{"line":41,"column":8},"end":{"line":41,"column":31}},"4":{"start":{"line":42,"column":8},"end":{"line":42,"column":50}},"5":{"start":{"line":43,"column":8},"end":{"line":43,"column":41}},"6":{"start":{"line":44,"column":8},"end":{"line":44,"column":94}},"7":{"start":{"line":45,"column":8},"end":{"line":45,"column":96}},"8":{"start":{"line":48,"column":8},"end":{"line":48,"column":70}},"9":{"start":{"line":49,"column":8},"end":{"line":49,"column":45}},"10":{"start":{"line":52,"column":8},"end":{"line":52,"column":92}},"11":{"start":{"line":54,"column":8},"end":{"line":54,"column":54}},"12":{"start":{"line":58,"column":8},"end":{"line":58,"column":34}},"13":{"start":{"line":59,"column":8},"end":{"line":59,"column":76}},"14":{"start":{"line":63,"column":8},"end":{"line":63,"column":36}},"15":{"start":{"line":67,"column":8},"end":{"line":67,"column":75}},"16":{"start":{"line":68,"column":8},"end":{"line":68,"column":2607}},"17":{"start":{"line":69,"column":12},"end":{"line":69,"column":49}},"18":{"start":{"line":71,"column":8},"end":{"line":71,"column":23}}},"branchMap":{"1":{"line":45,"type":"if","locations":[{"start":{"line":45,"column":8},"end":{"line":45,"column":8}},{"start":{"line":45,"column":8},"end":{"line":45,"column":8}}]}}},"contracts\\StakingPool\\StakingPool.sol":{"l":{"100":31,"101":0,"104":31,"127":99,"128":99,"129":99,"130":99,"131":99,"132":99,"133":99,"134":99,"135":99,"155":0,"171":2,"180":34,"181":34,"194":1,"195":1,"208":1,"209":1,"222":1,"223":1,"230":2,"237":0,"244":0,"253":15,"254":15,"258":15,"263":15,"264":15,"265":0,"266":0,"267":0,"270":15,"273":15,"274":15,"277":15,"279":15,"286":6,"287":6,"288":6,"289":6,"290":6,"292":0,"299":6,"303":5,"304":5,"305":4,"306":4,"308":4,"309":4,"316":7,"320":5,"321":5,"323":4,"324":4,"326":4,"327":4,"334":2,"335":2,"339":2,"344":1,"345":1,"346":1,"347":1,"348":1,"350":1,"351":1,"355":1,"362":4,"363":4,"367":3,"371":2,"374":1,"377":1,"378":1,"379":1,"382":1,"383":1,"386":1,"387":1,"388":1,"392":1,"393":1,"402":1,"403":1,"408":0,"411":1,"418":7,"419":2,"426":7,"427":7,"428":7,"429":0,"431":7,"434":7},"path":"D:\\METAVERSUS\\bsc-metaversus-contracts\\contracts\\StakingPool\\StakingPool.sol","s":{"1":31,"2":0,"3":31,"4":31,"5":99,"6":99,"7":99,"8":99,"9":99,"10":99,"11":99,"12":99,"13":99,"14":0,"15":2,"16":34,"17":34,"18":1,"19":1,"20":1,"21":1,"22":1,"23":1,"24":2,"25":0,"26":0,"27":15,"28":15,"29":15,"30":15,"31":15,"32":0,"33":0,"34":0,"35":15,"36":15,"37":15,"38":15,"39":15,"40":6,"41":6,"42":6,"43":6,"44":6,"45":0,"46":6,"47":5,"48":5,"49":4,"50":4,"51":4,"52":4,"53":7,"54":5,"55":5,"56":4,"57":4,"58":4,"59":4,"60":2,"61":2,"62":2,"63":1,"64":1,"65":1,"66":1,"67":1,"68":1,"69":1,"70":1,"71":4,"72":4,"73":3,"74":2,"75":1,"76":1,"77":1,"78":1,"79":1,"80":1,"81":1,"82":1,"83":1,"84":1,"85":1,"86":1,"87":1,"88":0,"89":1,"90":7,"91":5,"92":2,"93":7,"94":7,"95":7,"96":0,"97":7,"98":7},"b":{"1":[0,31],"2":[15,0],"3":[15,0],"4":[15,0],"5":[0,15],"6":[0,0],"7":[6,0],"8":[5,1],"9":[4,1],"10":[5,2],"11":[4,1],"12":[2,0],"13":[1,1],"14":[1,0],"15":[1,0],"16":[3,1],"17":[2,1],"18":[1,1],"19":[1,0],"20":[1,0],"21":[5,2],"22":[0,7]},"f":{"1":31,"2":99,"3":0,"4":2,"5":34,"6":1,"7":1,"8":1,"9":2,"10":0,"11":0,"12":15,"13":6,"14":6,"15":7,"16":2,"17":4,"18":1,"19":7,"20":7},"fnMap":{"1":{"name":"setPause","line":99,"loc":{"start":{"line":99,"column":4},"end":{"line":105,"column":4}}},"2":{"name":"initialize","line":125,"loc":{"start":{"line":110,"column":4},"end":{"line":136,"column":4}}},"3":{"name":"getAllParams","line":141,"loc":{"start":{"line":141,"column":4},"end":{"line":165,"column":4}}},"4":{"name":"isActivePool","line":170,"loc":{"start":{"line":170,"column":4},"end":{"line":172,"column":4}}},"5":{"name":"setStartTime","line":179,"loc":{"start":{"line":179,"column":4},"end":{"line":182,"column":4}}},"6":{"name":"setRewardRate","line":192,"loc":{"start":{"line":189,"column":4},"end":{"line":196,"column":4}}},"7":{"name":"setPendingTime","line":206,"loc":{"start":{"line":203,"column":4},"end":{"line":210,"column":4}}},"8":{"name":"setPoolDuration","line":220,"loc":{"start":{"line":217,"column":4},"end":{"line":224,"column":4}}},"9":{"name":"getUserAmount","line":229,"loc":{"start":{"line":229,"column":4},"end":{"line":231,"column":4}}},"10":{"name":"getPendingClaimTime","line":236,"loc":{"start":{"line":236,"column":4},"end":{"line":238,"column":4}}},"11":{"name":"getPendingUnstakeTime","line":243,"loc":{"start":{"line":243,"column":4},"end":{"line":245,"column":4}}},"12":{"name":"stake","line":252,"loc":{"start":{"line":252,"column":4},"end":{"line":280,"column":4}}},"13":{"name":"pendingRewards","line":285,"loc":{"start":{"line":285,"column":4},"end":{"line":293,"column":4}}},"14":{"name":"requestUnstake","line":298,"loc":{"start":{"line":298,"column":4},"end":{"line":310,"column":4}}},"15":{"name":"requestClaim","line":315,"loc":{"start":{"line":315,"column":4},"end":{"line":328,"column":4}}},"16":{"name":"claim","line":333,"loc":{"start":{"line":333,"column":4},"end":{"line":356,"column":4}}},"17":{"name":"unstake","line":361,"loc":{"start":{"line":361,"column":4},"end":{"line":394,"column":4}}},"18":{"name":"emergencyWithdraw","line":401,"loc":{"start":{"line":401,"column":4},"end":{"line":412,"column":4}}},"19":{"name":"min","line":417,"loc":{"start":{"line":417,"column":4},"end":{"line":420,"column":4}}},"20":{"name":"calReward","line":425,"loc":{"start":{"line":425,"column":4},"end":{"line":435,"column":4}}}},"statementMap":{"1":{"start":{"line":100,"column":8},"end":{"line":100,"column":3333}},"2":{"start":{"line":101,"column":12},"end":{"line":101,"column":19}},"3":{"start":{"line":102,"column":15},"end":{"line":102,"column":24}},"4":{"start":{"line":104,"column":8},"end":{"line":104,"column":30}},"5":{"start":{"line":127,"column":8},"end":{"line":127,"column":35}},"6":{"start":{"line":128,"column":8},"end":{"line":128,"column":32}},"7":{"start":{"line":129,"column":8},"end":{"line":129,"column":50}},"8":{"start":{"line":130,"column":8},"end":{"line":130,"column":52}},"9":{"start":{"line":131,"column":8},"end":{"line":131,"column":31}},"10":{"start":{"line":132,"column":8},"end":{"line":132,"column":35}},"11":{"start":{"line":133,"column":8},"end":{"line":133,"column":51}},"12":{"start":{"line":134,"column":8},"end":{"line":134,"column":27}},"13":{"start":{"line":135,"column":8},"end":{"line":135,"column":15}},"14":{"start":{"line":155,"column":8},"end":{"line":155,"column":4678}},"15":{"start":{"line":171,"column":8},"end":{"line":171,"column":76}},"16":{"start":{"line":180,"column":8},"end":{"line":180,"column":29}},"17":{"start":{"line":181,"column":8},"end":{"line":181,"column":36}},"18":{"start":{"line":194,"column":8},"end":{"line":194,"column":31}},"19":{"start":{"line":195,"column":8},"end":{"line":195,"column":38}},"20":{"start":{"line":208,"column":8},"end":{"line":208,"column":33}},"21":{"start":{"line":209,"column":8},"end":{"line":209,"column":41}},"22":{"start":{"line":222,"column":8},"end":{"line":222,"column":35}},"23":{"start":{"line":223,"column":8},"end":{"line":223,"column":38}},"24":{"start":{"line":230,"column":8},"end":{"line":230,"column":38}},"25":{"start":{"line":237,"column":8},"end":{"line":237,"column":49}},"26":{"start":{"line":244,"column":8},"end":{"line":244,"column":51}},"27":{"start":{"line":253,"column":8},"end":{"line":253,"column":74}},"28":{"start":{"line":254,"column":8},"end":{"line":254,"column":7497}},"29":{"start":{"line":258,"column":8},"end":{"line":258,"column":7649}},"30":{"start":{"line":263,"column":8},"end":{"line":263,"column":51}},"31":{"start":{"line":264,"column":8},"end":{"line":264,"column":7907}},"32":{"start":{"line":265,"column":12},"end":{"line":265,"column":53}},"33":{"start":{"line":266,"column":12},"end":{"line":266,"column":8008}},"34":{"start":{"line":267,"column":16},"end":{"line":267,"column":66}},"35":{"start":{"line":270,"column":8},"end":{"line":270,"column":39}},"36":{"start":{"line":273,"column":8},"end":{"line":273,"column":55}},"37":{"start":{"line":274,"column":8},"end":{"line":274,"column":47}},"38":{"start":{"line":277,"column":8},"end":{"line":277,"column":72}},"39":{"start":{"line":279,"column":8},"end":{"line":279,"column":42}},"40":{"start":{"line":286,"column":8},"end":{"line":286,"column":43}},"41":{"start":{"line":287,"column":8},"end":{"line":287,"column":8723}},"42":{"start":{"line":288,"column":12},"end":{"line":288,"column":45}},"43":{"start":{"line":289,"column":12},"end":{"line":289,"column":48}},"44":{"start":{"line":290,"column":12},"end":{"line":290,"column":25}},"45":{"start":{"line":292,"column":8},"end":{"line":292,"column":16}},"46":{"start":{"line":299,"column":8},"end":{"line":299,"column":9098}},"47":{"start":{"line":303,"column":8},"end":{"line":303,"column":51}},"48":{"start":{"line":304,"column":8},"end":{"line":304,"column":67}},"49":{"start":{"line":305,"column":8},"end":{"line":305,"column":42}},"50":{"start":{"line":306,"column":8},"end":{"line":306,"column":68}},"51":{"start":{"line":308,"column":8},"end":{"line":308,"column":41}},"52":{"start":{"line":309,"column":8},"end":{"line":309,"column":44}},"53":{"start":{"line":316,"column":8},"end":{"line":316,"column":9762}},"54":{"start":{"line":320,"column":8},"end":{"line":320,"column":51}},"55":{"start":{"line":321,"column":8},"end":{"line":321,"column":65}},"56":{"start":{"line":323,"column":8},"end":{"line":323,"column":40}},"57":{"start":{"line":324,"column":8},"end":{"line":324,"column":66}},"58":{"start":{"line":326,"column":8},"end":{"line":326,"column":39}},"59":{"start":{"line":327,"column":8},"end":{"line":327,"column":42}},"60":{"start":{"line":334,"column":8},"end":{"line":334,"column":51}},"61":{"start":{"line":335,"column":8},"end":{"line":335,"column":10433}},"62":{"start":{"line":339,"column":8},"end":{"line":339,"column":10578}},"63":{"start":{"line":344,"column":8},"end":{"line":344,"column":41}},"64":{"start":{"line":345,"column":8},"end":{"line":345,"column":10847}},"65":{"start":{"line":346,"column":12},"end":{"line":346,"column":58}},"66":{"start":{"line":347,"column":12},"end":{"line":347,"column":10953}},"67":{"start":{"line":348,"column":16},"end":{"line":348,"column":38}},"68":{"start":{"line":350,"column":16},"end":{"line":350,"column":62}},"69":{"start":{"line":351,"column":16},"end":{"line":351,"column":51}},"70":{"start":{"line":355,"column":8},"end":{"line":355,"column":39}},"71":{"start":{"line":362,"column":8},"end":{"line":362,"column":51}},"72":{"start":{"line":363,"column":8},"end":{"line":363,"column":11512}},"73":{"start":{"line":367,"column":8},"end":{"line":367,"column":11668}},"74":{"start":{"line":371,"column":8},"end":{"line":371,"column":92}},"75":{"start":{"line":374,"column":8},"end":{"line":374,"column":54}},"76":{"start":{"line":377,"column":8},"end":{"line":377,"column":43}},"77":{"start":{"line":378,"column":8},"end":{"line":378,"column":41}},"78":{"start":{"line":379,"column":8},"end":{"line":379,"column":39}},"79":{"start":{"line":382,"column":8},"end":{"line":382,"column":55}},"80":{"start":{"line":383,"column":8},"end":{"line":383,"column":47}},"81":{"start":{"line":386,"column":8},"end":{"line":386,"column":12392}},"82":{"start":{"line":387,"column":12},"end":{"line":387,"column":34}},"83":{"start":{"line":388,"column":12},"end":{"line":388,"column":58}},"84":{"start":{"line":392,"column":8},"end":{"line":392,"column":53}},"85":{"start":{"line":393,"column":8},"end":{"line":393,"column":44}},"86":{"start":{"line":402,"column":8},"end":{"line":402,"column":12873}},"87":{"start":{"line":403,"column":12},"end":{"line":403,"column":12923}},"88":{"start":{"line":408,"column":12},"end":{"line":408,"column":82}},"89":{"start":{"line":411,"column":8},"end":{"line":411,"column":68}},"90":{"start":{"line":418,"column":8},"end":{"line":418,"column":27}},"91":{"start":{"line":418,"column":19},"end":{"line":418,"column":27}},"92":{"start":{"line":419,"column":8},"end":{"line":419,"column":16}},"93":{"start":{"line":426,"column":8},"end":{"line":426,"column":43}},"94":{"start":{"line":427,"column":8},"end":{"line":427,"column":75}},"95":{"start":{"line":428,"column":8},"end":{"line":428,"column":13745}},"96":{"start":{"line":429,"column":12},"end":{"line":429,"column":20}},"97":{"start":{"line":431,"column":8},"end":{"line":431,"column":13821}},"98":{"start":{"line":434,"column":8},"end":{"line":434,"column":21}}},"branchMap":{"1":{"line":100,"type":"if","locations":[{"start":{"line":100,"column":8},"end":{"line":100,"column":8}},{"start":{"line":100,"column":8},"end":{"line":100,"column":8}}]},"2":{"line":253,"type":"if","locations":[{"start":{"line":253,"column":8},"end":{"line":253,"column":8}},{"start":{"line":253,"column":8},"end":{"line":253,"column":8}}]},"3":{"line":254,"type":"if","locations":[{"start":{"line":254,"column":8},"end":{"line":254,"column":8}},{"start":{"line":254,"column":8},"end":{"line":254,"column":8}}]},"4":{"line":258,"type":"if","locations":[{"start":{"line":258,"column":8},"end":{"line":258,"column":8}},{"start":{"line":258,"column":8},"end":{"line":258,"column":8}}]},"5":{"line":264,"type":"if","locations":[{"start":{"line":264,"column":8},"end":{"line":264,"column":8}},{"start":{"line":264,"column":8},"end":{"line":264,"column":8}}]},"6":{"line":266,"type":"if","locations":[{"start":{"line":266,"column":12},"end":{"line":266,"column":12}},{"start":{"line":266,"column":12},"end":{"line":266,"column":12}}]},"7":{"line":287,"type":"if","locations":[{"start":{"line":287,"column":8},"end":{"line":287,"column":8}},{"start":{"line":287,"column":8},"end":{"line":287,"column":8}}]},"8":{"line":299,"type":"if","locations":[{"start":{"line":299,"column":8},"end":{"line":299,"column":8}},{"start":{"line":299,"column":8},"end":{"line":299,"column":8}}]},"9":{"line":304,"type":"if","locations":[{"start":{"line":304,"column":8},"end":{"line":304,"column":8}},{"start":{"line":304,"column":8},"end":{"line":304,"column":8}}]},"10":{"line":316,"type":"if","locations":[{"start":{"line":316,"column":8},"end":{"line":316,"column":8}},{"start":{"line":316,"column":8},"end":{"line":316,"column":8}}]},"11":{"line":321,"type":"if","locations":[{"start":{"line":321,"column":8},"end":{"line":321,"column":8}},{"start":{"line":321,"column":8},"end":{"line":321,"column":8}}]},"12":{"line":335,"type":"if","locations":[{"start":{"line":335,"column":8},"end":{"line":335,"column":8}},{"start":{"line":335,"column":8},"end":{"line":335,"column":8}}]},"13":{"line":339,"type":"if","locations":[{"start":{"line":339,"column":8},"end":{"line":339,"column":8}},{"start":{"line":339,"column":8},"end":{"line":339,"column":8}}]},"14":{"line":345,"type":"if","locations":[{"start":{"line":345,"column":8},"end":{"line":345,"column":8}},{"start":{"line":345,"column":8},"end":{"line":345,"column":8}}]},"15":{"line":347,"type":"if","locations":[{"start":{"line":347,"column":12},"end":{"line":347,"column":12}},{"start":{"line":347,"column":12},"end":{"line":347,"column":12}}]},"16":{"line":363,"type":"if","locations":[{"start":{"line":363,"column":8},"end":{"line":363,"column":8}},{"start":{"line":363,"column":8},"end":{"line":363,"column":8}}]},"17":{"line":367,"type":"if","locations":[{"start":{"line":367,"column":8},"end":{"line":367,"column":8}},{"start":{"line":367,"column":8},"end":{"line":367,"column":8}}]},"18":{"line":371,"type":"if","locations":[{"start":{"line":371,"column":8},"end":{"line":371,"column":8}},{"start":{"line":371,"column":8},"end":{"line":371,"column":8}}]},"19":{"line":386,"type":"if","locations":[{"start":{"line":386,"column":8},"end":{"line":386,"column":8}},{"start":{"line":386,"column":8},"end":{"line":386,"column":8}}]},"20":{"line":402,"type":"if","locations":[{"start":{"line":402,"column":8},"end":{"line":402,"column":8}},{"start":{"line":402,"column":8},"end":{"line":402,"column":8}}]},"21":{"line":418,"type":"if","locations":[{"start":{"line":418,"column":8},"end":{"line":418,"column":8}},{"start":{"line":418,"column":8},"end":{"line":418,"column":8}}]},"22":{"line":428,"type":"if","locations":[{"start":{"line":428,"column":8},"end":{"line":428,"column":8}},{"start":{"line":428,"column":8},"end":{"line":428,"column":8}}]}}},"contracts\\Token\\MTVS.sol":{"l":{"27":58,"31":57,"35":1009,"36":1007,"40":532,"41":530,"60":474,"61":474,"62":474,"63":474,"64":474,"73":5,"82":3,"83":3,"97":55,"99":55,"108":1},"path":"D:\\METAVERSUS\\bsc-metaversus-contracts\\contracts\\Token\\MTVS.sol","s":{"1":58,"2":1009,"3":532,"4":474,"5":474,"6":474,"7":474,"8":474,"9":5,"10":3,"11":3,"12":55,"13":55,"14":1},"b":{"1":[57,1],"2":[1007,2],"3":[530,2]},"f":{"1":58,"2":1009,"3":532,"4":474,"5":5,"6":3,"7":55,"8":1},"fnMap":{"1":{"name":"onlyControllers","line":26,"loc":{"start":{"line":26,"column":4},"end":{"line":32,"column":4}}},"2":{"name":"notZeroAddress","line":34,"loc":{"start":{"line":34,"column":4},"end":{"line":37,"column":4}}},"3":{"name":"notZeroAmount","line":39,"loc":{"start":{"line":39,"column":4},"end":{"line":42,"column":4}}},"4":{"name":"initialize","line":58,"loc":{"start":{"line":47,"column":4},"end":{"line":65,"column":4}}},"5":{"name":"isController","line":72,"loc":{"start":{"line":72,"column":4},"end":{"line":74,"column":4}}},"6":{"name":"setController","line":81,"loc":{"start":{"line":81,"column":4},"end":{"line":84,"column":4}}},"7":{"name":"mint","line":95,"loc":{"start":{"line":91,"column":4},"end":{"line":100,"column":4}}},"8":{"name":"burn","line":107,"loc":{"start":{"line":107,"column":4},"end":{"line":109,"column":4}}}},"statementMap":{"1":{"start":{"line":27,"column":8},"end":{"line":27,"column":1017}},"2":{"start":{"line":35,"column":8},"end":{"line":35,"column":62}},"3":{"start":{"line":40,"column":8},"end":{"line":40,"column":59}},"4":{"start":{"line":60,"column":8},"end":{"line":60,"column":52}},"5":{"start":{"line":61,"column":8},"end":{"line":61,"column":42}},"6":{"start":{"line":62,"column":8},"end":{"line":62,"column":34}},"7":{"start":{"line":63,"column":8},"end":{"line":63,"column":35}},"8":{"start":{"line":64,"column":8},"end":{"line":64,"column":37}},"9":{"start":{"line":73,"column":8},"end":{"line":73,"column":35}},"10":{"start":{"line":82,"column":8},"end":{"line":82,"column":32}},"11":{"start":{"line":83,"column":8},"end":{"line":83,"column":39}},"12":{"start":{"line":97,"column":8},"end":{"line":97,"column":30}},"13":{"start":{"line":99,"column":8},"end":{"line":99,"column":37}},"14":{"start":{"line":108,"column":8},"end":{"line":108,"column":34}}},"branchMap":{"1":{"line":27,"type":"if","locations":[{"start":{"line":27,"column":8},"end":{"line":27,"column":8}},{"start":{"line":27,"column":8},"end":{"line":27,"column":8}}]},"2":{"line":35,"type":"if","locations":[{"start":{"line":35,"column":8},"end":{"line":35,"column":8}},{"start":{"line":35,"column":8},"end":{"line":35,"column":8}}]},"3":{"line":40,"type":"if","locations":[{"start":{"line":40,"column":8},"end":{"line":40,"column":8}},{"start":{"line":40,"column":8},"end":{"line":40,"column":8}}]}}},"contracts\\Token\\NFTMTVSTicket.sol":{"l":{"74":1,"83":3,"85":3,"111":306,"112":306,"113":306,"114":306,"115":306,"116":306,"117":306,"126":3,"127":3,"128":3,"137":3,"138":3,"139":3,"148":1,"149":1,"158":3,"159":2,"160":2,"162":2,"164":2,"166":2,"175":21,"176":20,"177":20,"179":20,"181":20,"193":2,"204":22,"205":22},"path":"D:\\METAVERSUS\\bsc-metaversus-contracts\\contracts\\Token\\NFTMTVSTicket.sol","s":{"1":1,"2":3,"3":3,"4":306,"5":306,"6":306,"7":306,"8":306,"9":306,"10":306,"11":3,"12":3,"13":3,"14":3,"15":3,"16":3,"17":1,"18":1,"19":3,"20":2,"21":2,"22":2,"23":2,"24":2,"25":21,"26":20,"27":20,"28":20,"29":20,"30":2,"31":22,"32":22},"b":{"1":[3,0],"2":[2,1],"3":[20,1],"4":[22,0]},"f":{"1":1,"2":3,"3":306,"4":3,"5":3,"6":1,"7":3,"8":21,"9":2,"10":22},"fnMap":{"1":{"name":"setBaseURI","line":73,"loc":{"start":{"line":73,"column":4},"end":{"line":75,"column":4}}},"2":{"name":"tokenURI","line":82,"loc":{"start":{"line":82,"column":4},"end":{"line":89,"column":4}}},"3":{"name":"initialize","line":109,"loc":{"start":{"line":94,"column":4},"end":{"line":118,"column":4}}},"4":{"name":"setTreasury","line":125,"loc":{"start":{"line":125,"column":4},"end":{"line":129,"column":4}}},"5":{"name":"setPrice","line":136,"loc":{"start":{"line":136,"column":4},"end":{"line":140,"column":4}}},"6":{"name":"setLocked","line":147,"loc":{"start":{"line":147,"column":4},"end":{"line":150,"column":4}}},"7":{"name":"buy","line":157,"loc":{"start":{"line":157,"column":4},"end":{"line":167,"column":4}}},"8":{"name":"mint","line":174,"loc":{"start":{"line":174,"column":4},"end":{"line":182,"column":4}}},"9":{"name":"supportsInterface","line":187,"loc":{"start":{"line":187,"column":4},"end":{"line":194,"column":4}}},"10":{"name":"_beforeTokenTransfer","line":199,"loc":{"start":{"line":199,"column":4},"end":{"line":206,"column":4}}}},"statementMap":{"1":{"start":{"line":74,"column":8},"end":{"line":74,"column":23}},"2":{"start":{"line":83,"column":8},"end":{"line":83,"column":84}},"3":{"start":{"line":85,"column":8},"end":{"line":85,"column":3025}},"4":{"start":{"line":111,"column":8},"end":{"line":111,"column":54}},"5":{"start":{"line":112,"column":8},"end":{"line":112,"column":35}},"6":{"start":{"line":113,"column":8},"end":{"line":113,"column":54}},"7":{"start":{"line":114,"column":8},"end":{"line":114,"column":32}},"8":{"start":{"line":115,"column":8},"end":{"line":115,"column":27}},"9":{"start":{"line":116,"column":8},"end":{"line":116,"column":21}},"10":{"start":{"line":117,"column":8},"end":{"line":117,"column":51}},"11":{"start":{"line":126,"column":8},"end":{"line":126,"column":38}},"12":{"start":{"line":127,"column":8},"end":{"line":127,"column":25}},"13":{"start":{"line":128,"column":8},"end":{"line":128,"column":47}},"14":{"start":{"line":137,"column":8},"end":{"line":137,"column":32}},"15":{"start":{"line":138,"column":8},"end":{"line":138,"column":23}},"16":{"start":{"line":139,"column":8},"end":{"line":139,"column":38}},"17":{"start":{"line":148,"column":8},"end":{"line":148,"column":24}},"18":{"start":{"line":149,"column":8},"end":{"line":149,"column":30}},"19":{"start":{"line":158,"column":8},"end":{"line":158,"column":81}},"20":{"start":{"line":159,"column":8},"end":{"line":159,"column":31}},"21":{"start":{"line":160,"column":8},"end":{"line":160,"column":48}},"22":{"start":{"line":162,"column":8},"end":{"line":162,"column":67}},"23":{"start":{"line":164,"column":8},"end":{"line":164,"column":35}},"24":{"start":{"line":166,"column":8},"end":{"line":166,"column":42}},"25":{"start":{"line":175,"column":8},"end":{"line":175,"column":77}},"26":{"start":{"line":176,"column":8},"end":{"line":176,"column":31}},"27":{"start":{"line":177,"column":8},"end":{"line":177,"column":48}},"28":{"start":{"line":179,"column":8},"end":{"line":179,"column":31}},"29":{"start":{"line":181,"column":8},"end":{"line":181,"column":38}},"30":{"start":{"line":193,"column":8},"end":{"line":193,"column":51}},"31":{"start":{"line":204,"column":8},"end":{"line":204,"column":52}},"32":{"start":{"line":205,"column":8},"end":{"line":205,"column":61}}},"branchMap":{"1":{"line":83,"type":"if","locations":[{"start":{"line":83,"column":8},"end":{"line":83,"column":8}},{"start":{"line":83,"column":8},"end":{"line":83,"column":8}}]},"2":{"line":158,"type":"if","locations":[{"start":{"line":158,"column":8},"end":{"line":158,"column":8}},{"start":{"line":158,"column":8},"end":{"line":158,"column":8}}]},"3":{"line":175,"type":"if","locations":[{"start":{"line":175,"column":8},"end":{"line":175,"column":8}},{"start":{"line":175,"column":8},"end":{"line":175,"column":8}}]},"4":{"line":205,"type":"if","locations":[{"start":{"line":205,"column":8},"end":{"line":205,"column":8}},{"start":{"line":205,"column":8},"end":{"line":205,"column":8}}]}}},"contracts\\Token\\NftTest.sol":{"l":{"66":0,"75":0,"76":0,"91":81,"92":81,"93":81,"94":81,"95":81,"96":81,"97":81,"106":0,"107":0,"108":0,"117":0,"118":0,"119":0,"128":8,"129":8,"131":8,"132":8,"133":8,"135":8,"147":38},"path":"D:\\METAVERSUS\\bsc-metaversus-contracts\\contracts\\Token\\NftTest.sol","s":{"1":0,"2":0,"3":0,"4":81,"5":81,"6":81,"7":81,"8":81,"9":81,"10":81,"11":0,"12":0,"13":0,"14":0,"15":0,"16":0,"17":8,"18":8,"19":8,"20":8,"21":8,"22":8,"23":38},"b":{"1":[0,0]},"f":{"1":0,"2":0,"3":81,"4":0,"5":0,"6":8,"7":38},"fnMap":{"1":{"name":"setTokenURI","line":65,"loc":{"start":{"line":65,"column":4},"end":{"line":67,"column":4}}},"2":{"name":"tokenURI","line":74,"loc":{"start":{"line":74,"column":4},"end":{"line":77,"column":4}}},"3":{"name":"initialize","line":90,"loc":{"start":{"line":82,"column":4},"end":{"line":98,"column":4}}},"4":{"name":"setTreasury","line":105,"loc":{"start":{"line":105,"column":4},"end":{"line":109,"column":4}}},"5":{"name":"setPrice","line":116,"loc":{"start":{"line":116,"column":4},"end":{"line":120,"column":4}}},"6":{"name":"buy","line":127,"loc":{"start":{"line":127,"column":4},"end":{"line":136,"column":4}}},"7":{"name":"supportsInterface","line":141,"loc":{"start":{"line":141,"column":4},"end":{"line":148,"column":4}}}},"statementMap":{"1":{"start":{"line":66,"column":8},"end":{"line":66,"column":29}},"2":{"start":{"line":75,"column":8},"end":{"line":75,"column":84}},"3":{"start":{"line":76,"column":8},"end":{"line":76,"column":28}},"4":{"start":{"line":91,"column":8},"end":{"line":91,"column":54}},"5":{"start":{"line":92,"column":8},"end":{"line":92,"column":35}},"6":{"start":{"line":93,"column":8},"end":{"line":93,"column":54}},"7":{"start":{"line":94,"column":8},"end":{"line":94,"column":32}},"8":{"start":{"line":95,"column":8},"end":{"line":95,"column":27}},"9":{"start":{"line":96,"column":8},"end":{"line":96,"column":21}},"10":{"start":{"line":97,"column":8},"end":{"line":97,"column":51}},"11":{"start":{"line":106,"column":8},"end":{"line":106,"column":38}},"12":{"start":{"line":107,"column":8},"end":{"line":107,"column":25}},"13":{"start":{"line":108,"column":8},"end":{"line":108,"column":47}},"14":{"start":{"line":117,"column":8},"end":{"line":117,"column":32}},"15":{"start":{"line":118,"column":8},"end":{"line":118,"column":23}},"16":{"start":{"line":119,"column":8},"end":{"line":119,"column":38}},"17":{"start":{"line":128,"column":8},"end":{"line":128,"column":32}},"18":{"start":{"line":129,"column":8},"end":{"line":129,"column":49}},"19":{"start":{"line":131,"column":8},"end":{"line":131,"column":26}},"20":{"start":{"line":132,"column":8},"end":{"line":132,"column":35}},"21":{"start":{"line":133,"column":8},"end":{"line":133,"column":67}},"22":{"start":{"line":135,"column":8},"end":{"line":135,"column":42}},"23":{"start":{"line":147,"column":8},"end":{"line":147,"column":51}}},"branchMap":{"1":{"line":75,"type":"if","locations":[{"start":{"line":75,"column":8},"end":{"line":75,"column":8}},{"start":{"line":75,"column":8},"end":{"line":75,"column":8}}]}}},"contracts\\Token\\TokenMintERC1155.sol":{"l":{"81":180,"82":180,"83":180,"84":180,"85":180,"86":180,"87":180,"94":3,"101":1,"113":12,"122":3,"123":3,"124":3,"133":1,"134":1,"135":1,"155":5,"156":5,"158":5,"160":5,"162":5,"171":2},"path":"D:\\METAVERSUS\\bsc-metaversus-contracts\\contracts\\Token\\TokenMintERC1155.sol","s":{"1":180,"2":180,"3":180,"4":180,"5":180,"6":180,"7":180,"8":3,"9":1,"10":12,"11":3,"12":3,"13":3,"14":1,"15":1,"16":1,"17":5,"18":5,"19":5,"20":5,"21":5,"22":2},"b":{},"f":{"1":180,"2":3,"3":1,"4":12,"5":3,"6":1,"7":5,"8":2},"fnMap":{"1":{"name":"initialize","line":79,"loc":{"start":{"line":65,"column":4},"end":{"line":88,"column":4}}},"2":{"name":"uri","line":93,"loc":{"start":{"line":93,"column":4},"end":{"line":95,"column":4}}},"3":{"name":"setURI","line":100,"loc":{"start":{"line":100,"column":4},"end":{"line":102,"column":4}}},"4":{"name":"supportsInterface","line":107,"loc":{"start":{"line":107,"column":4},"end":{"line":114,"column":4}}},"5":{"name":"setTreasury","line":121,"loc":{"start":{"line":121,"column":4},"end":{"line":125,"column":4}}},"6":{"name":"setPrice","line":132,"loc":{"start":{"line":132,"column":4},"end":{"line":136,"column":4}}},"7":{"name":"mint","line":153,"loc":{"start":{"line":143,"column":4},"end":{"line":163,"column":4}}},"8":{"name":"getTokenCounter","line":170,"loc":{"start":{"line":170,"column":4},"end":{"line":172,"column":4}}}},"statementMap":{"1":{"start":{"line":81,"column":8},"end":{"line":81,"column":47}},"2":{"start":{"line":82,"column":8},"end":{"line":82,"column":35}},"3":{"start":{"line":83,"column":8},"end":{"line":83,"column":54}},"4":{"start":{"line":84,"column":8},"end":{"line":84,"column":32}},"5":{"start":{"line":85,"column":8},"end":{"line":85,"column":27}},"6":{"start":{"line":86,"column":8},"end":{"line":86,"column":21}},"7":{"start":{"line":87,"column":8},"end":{"line":87,"column":51}},"8":{"start":{"line":94,"column":8},"end":{"line":94,"column":28}},"9":{"start":{"line":101,"column":8},"end":{"line":101,"column":29}},"10":{"start":{"line":113,"column":8},"end":{"line":113,"column":51}},"11":{"start":{"line":122,"column":8},"end":{"line":122,"column":38}},"12":{"start":{"line":123,"column":8},"end":{"line":123,"column":25}},"13":{"start":{"line":124,"column":8},"end":{"line":124,"column":47}},"14":{"start":{"line":133,"column":8},"end":{"line":133,"column":32}},"15":{"start":{"line":134,"column":8},"end":{"line":134,"column":23}},"16":{"start":{"line":135,"column":8},"end":{"line":135,"column":38}},"17":{"start":{"line":155,"column":8},"end":{"line":155,"column":32}},"18":{"start":{"line":156,"column":8},"end":{"line":156,"column":49}},"19":{"start":{"line":158,"column":8},"end":{"line":158,"column":29}},"20":{"start":{"line":160,"column":8},"end":{"line":160,"column":43}},"21":{"start":{"line":162,"column":8},"end":{"line":162,"column":38}},"22":{"start":{"line":171,"column":8},"end":{"line":171,"column":38}}},"branchMap":{}},"contracts\\Token\\TokenMintERC721.sol":{"l":{"66":1,"75":3,"76":3,"99":186,"100":186,"101":186,"102":186,"103":186,"104":186,"105":186,"114":3,"115":3,"116":3,"125":4,"126":4,"127":4,"140":9,"141":9,"143":9,"145":9,"147":9,"159":12,"168":5},"path":"D:\\METAVERSUS\\bsc-metaversus-contracts\\contracts\\Token\\TokenMintERC721.sol","s":{"1":1,"2":3,"3":3,"4":186,"5":186,"6":186,"7":186,"8":186,"9":186,"10":186,"11":3,"12":3,"13":3,"14":4,"15":4,"16":4,"17":9,"18":9,"19":9,"20":9,"21":9,"22":12,"23":5},"b":{"1":[3,0]},"f":{"1":1,"2":3,"3":186,"4":3,"5":4,"6":9,"7":12,"8":5},"fnMap":{"1":{"name":"setTokenURI","line":65,"loc":{"start":{"line":65,"column":4},"end":{"line":67,"column":4}}},"2":{"name":"tokenURI","line":74,"loc":{"start":{"line":74,"column":4},"end":{"line":77,"column":4}}},"3":{"name":"initialize","line":97,"loc":{"start":{"line":82,"column":4},"end":{"line":106,"column":4}}},"4":{"name":"setTreasury","line":113,"loc":{"start":{"line":113,"column":4},"end":{"line":117,"column":4}}},"5":{"name":"setPrice","line":124,"loc":{"start":{"line":124,"column":4},"end":{"line":128,"column":4}}},"6":{"name":"mint","line":139,"loc":{"start":{"line":135,"column":4},"end":{"line":148,"column":4}}},"7":{"name":"supportsInterface","line":153,"loc":{"start":{"line":153,"column":4},"end":{"line":160,"column":4}}},"8":{"name":"getTokenCounter","line":167,"loc":{"start":{"line":167,"column":4},"end":{"line":169,"column":4}}}},"statementMap":{"1":{"start":{"line":66,"column":8},"end":{"line":66,"column":29}},"2":{"start":{"line":75,"column":8},"end":{"line":75,"column":84}},"3":{"start":{"line":76,"column":8},"end":{"line":76,"column":28}},"4":{"start":{"line":99,"column":8},"end":{"line":99,"column":54}},"5":{"start":{"line":100,"column":8},"end":{"line":100,"column":35}},"6":{"start":{"line":101,"column":8},"end":{"line":101,"column":54}},"7":{"start":{"line":102,"column":8},"end":{"line":102,"column":32}},"8":{"start":{"line":103,"column":8},"end":{"line":103,"column":27}},"9":{"start":{"line":104,"column":8},"end":{"line":104,"column":21}},"10":{"start":{"line":105,"column":8},"end":{"line":105,"column":51}},"11":{"start":{"line":114,"column":8},"end":{"line":114,"column":38}},"12":{"start":{"line":115,"column":8},"end":{"line":115,"column":25}},"13":{"start":{"line":116,"column":8},"end":{"line":116,"column":47}},"14":{"start":{"line":125,"column":8},"end":{"line":125,"column":32}},"15":{"start":{"line":126,"column":8},"end":{"line":126,"column":23}},"16":{"start":{"line":127,"column":8},"end":{"line":127,"column":38}},"17":{"start":{"line":140,"column":8},"end":{"line":140,"column":32}},"18":{"start":{"line":141,"column":8},"end":{"line":141,"column":49}},"19":{"start":{"line":143,"column":8},"end":{"line":143,"column":26}},"20":{"start":{"line":145,"column":8},"end":{"line":145,"column":31}},"21":{"start":{"line":147,"column":8},"end":{"line":147,"column":38}},"22":{"start":{"line":159,"column":8},"end":{"line":159,"column":51}},"23":{"start":{"line":168,"column":8},"end":{"line":168,"column":38}}},"branchMap":{"1":{"line":75,"type":"if","locations":[{"start":{"line":75,"column":8},"end":{"line":75,"column":8}},{"start":{"line":75,"column":8},"end":{"line":75,"column":8}}]}}},"contracts\\Token\\Treasury.sol":{"l":{"38":474,"39":474,"46":5,"57":6,"58":5,"60":1,"63":6,"81":2,"82":1,"84":1},"path":"D:\\METAVERSUS\\bsc-metaversus-contracts\\contracts\\Token\\Treasury.sol","s":{"1":474,"2":474,"3":5,"4":6,"5":5,"6":1,"7":1,"8":6,"9":2,"10":1,"11":1},"b":{"1":[5,1],"2":[1,0],"3":[1,1]},"f":{"1":474,"2":5,"3":6,"4":2},"fnMap":{"1":{"name":"initialize","line":37,"loc":{"start":{"line":37,"column":4},"end":{"line":40,"column":4}}},"2":{"name":"isPermitedToken","line":45,"loc":{"start":{"line":45,"column":4},"end":{"line":47,"column":4}}},"3":{"name":"setPermitedPaymentToken","line":55,"loc":{"start":{"line":52,"column":4},"end":{"line":64,"column":4}}},"4":{"name":"distribute","line":79,"loc":{"start":{"line":69,"column":4},"end":{"line":85,"column":4}}}},"statementMap":{"1":{"start":{"line":38,"column":8},"end":{"line":38,"column":35}},"2":{"start":{"line":39,"column":8},"end":{"line":39,"column":32}},"3":{"start":{"line":46,"column":8},"end":{"line":46,"column":54}},"4":{"start":{"line":57,"column":8},"end":{"line":57,"column":2063}},"5":{"start":{"line":58,"column":12},"end":{"line":58,"column":45}},"6":{"start":{"line":59,"column":15},"end":{"line":59,"column":2141}},"7":{"start":{"line":60,"column":12},"end":{"line":60,"column":48}},"8":{"start":{"line":63,"column":8},"end":{"line":63,"column":50}},"9":{"start":{"line":81,"column":8},"end":{"line":81,"column":78}},"10":{"start":{"line":82,"column":8},"end":{"line":82,"column":75}},"11":{"start":{"line":84,"column":8},"end":{"line":84,"column":62}}},"branchMap":{"1":{"line":57,"type":"if","locations":[{"start":{"line":57,"column":8},"end":{"line":57,"column":8}},{"start":{"line":57,"column":8},"end":{"line":57,"column":8}}]},"2":{"line":59,"type":"if","locations":[{"start":{"line":59,"column":15},"end":{"line":59,"column":15}},{"start":{"line":59,"column":15},"end":{"line":59,"column":15}}]},"3":{"line":81,"type":"if","locations":[{"start":{"line":81,"column":8},"end":{"line":81,"column":8}},{"start":{"line":81,"column":8},"end":{"line":81,"column":8}}]}}},"contracts\\VRF\\RandomVRF.sol":{"l":{"26":5,"30":3,"38":27,"39":27,"48":1,"49":1,"51":1,"60":2,"61":1,"62":1,"63":1,"70":0,"72":0,"81":1,"82":0,"91":3,"100":3,"109":3,"111":3},"path":"D:\\METAVERSUS\\bsc-metaversus-contracts\\contracts\\VRF\\RandomVRF.sol","s":{"1":5,"2":27,"3":27,"4":1,"5":1,"6":1,"7":2,"8":1,"9":1,"10":1,"11":0,"12":0,"13":1,"14":0,"15":3,"16":3,"17":3,"18":3},"b":{"1":[3,2],"2":[1,1],"3":[0,1]},"f":{"1":5,"2":27,"3":1,"4":2,"5":0,"6":1,"7":3,"8":3,"9":3},"fnMap":{"1":{"name":"onlyOwnerOrAdmin","line":25,"loc":{"start":{"line":25,"column":4},"end":{"line":31,"column":4}}},"2":{"name":"constructor","line":37,"loc":{"start":{"line":33,"column":4},"end":{"line":40,"column":4}}},"3":{"name":"setKeyHashAndFee","line":47,"loc":{"start":{"line":47,"column":4},"end":{"line":52,"column":4}}},"4":{"name":"getRandomNumber","line":59,"loc":{"start":{"line":59,"column":4},"end":{"line":64,"column":4}}},"5":{"name":"fulfillRandomness","line":69,"loc":{"start":{"line":69,"column":4},"end":{"line":73,"column":4}}},"6":{"name":"randomForRequestID","line":80,"loc":{"start":{"line":80,"column":4},"end":{"line":83,"column":4}}},"7":{"name":"isRequestIDFulfilled","line":90,"loc":{"start":{"line":90,"column":4},"end":{"line":92,"column":4}}},"8":{"name":"isAdmin","line":99,"loc":{"start":{"line":99,"column":4},"end":{"line":101,"column":4}}},"9":{"name":"setAdmin","line":108,"loc":{"start":{"line":108,"column":4},"end":{"line":112,"column":4}}}},"statementMap":{"1":{"start":{"line":26,"column":8},"end":{"line":26,"column":909}},"2":{"start":{"line":38,"column":8},"end":{"line":38,"column":25}},"3":{"start":{"line":39,"column":8},"end":{"line":39,"column":17}},"4":{"start":{"line":48,"column":8},"end":{"line":48,"column":17}},"5":{"start":{"line":49,"column":8},"end":{"line":49,"column":25}},"6":{"start":{"line":51,"column":8},"end":{"line":51,"column":43}},"7":{"start":{"line":60,"column":8},"end":{"line":60,"column":78}},"8":{"start":{"line":61,"column":8},"end":{"line":61,"column":55}},"9":{"start":{"line":62,"column":8},"end":{"line":62,"column":29}},"10":{"start":{"line":63,"column":8},"end":{"line":63,"column":20}},"11":{"start":{"line":70,"column":8},"end":{"line":70,"column":54}},"12":{"start":{"line":72,"column":8},"end":{"line":72,"column":48}},"13":{"start":{"line":81,"column":8},"end":{"line":81,"column":73}},"14":{"start":{"line":82,"column":8},"end":{"line":82,"column":48}},"15":{"start":{"line":91,"column":8},"end":{"line":91,"column":53}},"16":{"start":{"line":100,"column":8},"end":{"line":100,"column":30}},"17":{"start":{"line":109,"column":8},"end":{"line":109,"column":28}},"18":{"start":{"line":111,"column":8},"end":{"line":111,"column":35}}},"branchMap":{"1":{"line":26,"type":"if","locations":[{"start":{"line":26,"column":8},"end":{"line":26,"column":8}},{"start":{"line":26,"column":8},"end":{"line":26,"column":8}}]},"2":{"line":60,"type":"if","locations":[{"start":{"line":60,"column":8},"end":{"line":60,"column":8}},{"start":{"line":60,"column":8},"end":{"line":60,"column":8}}]},"3":{"line":81,"type":"if","locations":[{"start":{"line":81,"column":8},"end":{"line":81,"column":8}},{"start":{"line":81,"column":8},"end":{"line":81,"column":8}}]}}}}