{"contracts\\Adminable.sol":{"l":{"22":149,"26":134,"30":125,"31":113,"35":116,"36":103,"40":1599,"49":18,"58":33,"59":33},"path":"D:\\METAVERSUS\\bsc-metaversus-contracts\\contracts\\Adminable.sol","s":{"1":149,"2":125,"3":116,"4":1599,"5":18,"6":33,"7":33},"b":{"1":[134,15],"2":[113,12],"3":[103,13]},"f":{"1":149,"2":125,"3":116,"4":1599,"5":18,"6":33},"fnMap":{"1":{"name":"onlyOwnerOrAdmin","line":21,"loc":{"start":{"line":21,"column":4},"end":{"line":27,"column":4}}},"2":{"name":"notZeroAddress","line":29,"loc":{"start":{"line":29,"column":4},"end":{"line":32,"column":4}}},"3":{"name":"notZeroAmount","line":34,"loc":{"start":{"line":34,"column":4},"end":{"line":37,"column":4}}},"4":{"name":"__Adminable_init","line":39,"loc":{"start":{"line":39,"column":4},"end":{"line":41,"column":4}}},"5":{"name":"isAdmin","line":48,"loc":{"start":{"line":48,"column":4},"end":{"line":50,"column":4}}},"6":{"name":"setAdmin","line":57,"loc":{"start":{"line":57,"column":4},"end":{"line":60,"column":4}}}},"statementMap":{"1":{"start":{"line":22,"column":8},"end":{"line":22,"column":594}},"2":{"start":{"line":30,"column":8},"end":{"line":30,"column":62}},"3":{"start":{"line":35,"column":8},"end":{"line":35,"column":71}},"4":{"start":{"line":40,"column":8},"end":{"line":40,"column":42}},"5":{"start":{"line":49,"column":8},"end":{"line":49,"column":30}},"6":{"start":{"line":58,"column":8},"end":{"line":58,"column":27}},"7":{"start":{"line":59,"column":8},"end":{"line":59,"column":34}}},"branchMap":{"1":{"line":22,"type":"if","locations":[{"start":{"line":22,"column":8},"end":{"line":22,"column":8}},{"start":{"line":22,"column":8},"end":{"line":22,"column":8}}]},"2":{"line":30,"type":"if","locations":[{"start":{"line":30,"column":8},"end":{"line":30,"column":8}},{"start":{"line":30,"column":8},"end":{"line":30,"column":8}}]},"3":{"line":35,"type":"if","locations":[{"start":{"line":35,"column":8},"end":{"line":35,"column":8}},{"start":{"line":35,"column":8},"end":{"line":35,"column":8}}]}}},"contracts\\interfaces\\IMarketplaceManager.sol":{"l":{},"path":"D:\\METAVERSUS\\bsc-metaversus-contracts\\contracts\\interfaces\\IMarketplaceManager.sol","s":{},"b":{},"f":{},"fnMap":{},"statementMap":{},"branchMap":{}},"contracts\\interfaces\\INFTMTVSTicket.sol":{"l":{},"path":"D:\\METAVERSUS\\bsc-metaversus-contracts\\contracts\\interfaces\\INFTMTVSTicket.sol","s":{},"b":{},"f":{},"fnMap":{},"statementMap":{},"branchMap":{}},"contracts\\interfaces\\IRandomVRF.sol":{"l":{},"path":"D:\\METAVERSUS\\bsc-metaversus-contracts\\contracts\\interfaces\\IRandomVRF.sol","s":{},"b":{},"f":{},"fnMap":{},"statementMap":{},"branchMap":{}},"contracts\\interfaces\\ITokenMintERC1155.sol":{"l":{},"path":"D:\\METAVERSUS\\bsc-metaversus-contracts\\contracts\\interfaces\\ITokenMintERC1155.sol","s":{},"b":{},"f":{},"fnMap":{},"statementMap":{},"branchMap":{}},"contracts\\interfaces\\ITokenMintERC721.sol":{"l":{},"path":"D:\\METAVERSUS\\bsc-metaversus-contracts\\contracts\\interfaces\\ITokenMintERC721.sol","s":{},"b":{},"f":{},"fnMap":{},"statementMap":{},"branchMap":{}},"contracts\\Marketplace\\MarketplaceManager.sol":{"l":{"124":11,"125":7,"136":246,"137":246,"138":246,"139":246,"140":246,"141":246,"150":3,"151":3,"152":3,"161":3,"162":3,"163":3,"172":2,"179":34,"183":34,"190":11,"194":11,"203":34,"204":23,"206":11,"207":10,"210":1,"222":1,"229":1,"231":1,"232":1,"235":1,"236":1,"249":3,"250":3,"251":3,"253":2,"254":2,"255":2,"256":2,"272":20,"273":20,"275":19,"276":19,"278":19,"279":19,"280":19,"281":9,"282":9,"284":19,"296":19,"298":19,"324":7,"326":7,"350":13,"359":12,"373":2,"374":2,"378":2,"380":1,"381":1,"383":1,"391":1,"405":1,"406":1,"409":1,"410":1,"411":1,"413":1,"415":1,"417":1,"418":1,"420":1,"422":1,"430":1,"443":14,"444":14,"446":14,"447":10,"449":4,"463":2,"464":2,"466":2,"468":0,"479":12,"481":12,"482":11,"483":11,"484":11,"487":1,"496":1,"498":1,"499":1,"500":1,"501":2,"502":2,"503":0,"504":2,"505":2,"508":1,"521":4,"534":5,"535":5,"536":6,"538":5,"552":8,"567":9},"path":"D:\\METAVERSUS\\bsc-metaversus-contracts\\contracts\\Marketplace\\MarketplaceManager.sol","s":{"1":11,"2":246,"3":246,"4":246,"5":246,"6":246,"7":246,"8":3,"9":3,"10":3,"11":3,"12":3,"13":3,"14":2,"15":34,"16":34,"17":11,"18":11,"19":34,"20":23,"21":11,"22":10,"23":1,"24":1,"25":1,"26":1,"27":1,"28":1,"29":1,"30":3,"31":3,"32":3,"33":2,"34":2,"35":2,"36":2,"37":20,"38":20,"39":19,"40":19,"41":19,"42":19,"43":19,"44":9,"45":9,"46":19,"47":19,"48":19,"49":7,"50":7,"51":13,"52":12,"53":2,"54":2,"55":2,"56":1,"57":1,"58":1,"59":1,"60":1,"61":1,"62":1,"63":1,"64":1,"65":1,"66":1,"67":1,"68":1,"69":1,"70":1,"71":1,"72":14,"73":14,"74":14,"75":10,"76":4,"77":2,"78":2,"79":2,"80":0,"81":12,"82":12,"83":11,"84":11,"85":11,"86":1,"87":1,"88":1,"89":1,"90":1,"91":2,"92":2,"93":2,"94":2,"95":1,"96":4,"97":5,"98":5,"99":6,"100":5,"101":8,"102":9},"b":{"1":[7,4],"2":[23,11],"3":[10,1],"4":[1,0],"5":[3,0],"6":[2,1],"7":[19,1],"8":[9,10],"9":[7,0],"10":[2,0],"11":[1,1],"12":[1,0],"13":[14,0],"14":[10,4],"15":[2,0],"16":[0,11],"17":[0,2]},"f":{"1":11,"2":246,"3":3,"4":3,"5":2,"6":34,"7":11,"8":34,"9":1,"10":3,"11":20,"12":7,"13":13,"14":2,"15":1,"16":14,"17":2,"18":12,"19":1,"20":4,"21":5,"22":8,"23":9},"fnMap":{"1":{"name":"validateId","line":123,"loc":{"start":{"line":123,"column":4},"end":{"line":126,"column":4}}},"2":{"name":"initialize","line":135,"loc":{"start":{"line":131,"column":4},"end":{"line":142,"column":4}}},"3":{"name":"setTreasury","line":149,"loc":{"start":{"line":149,"column":4},"end":{"line":153,"column":4}}},"4":{"name":"setMTVSManager","line":160,"loc":{"start":{"line":160,"column":4},"end":{"line":164,"column":4}}},"5":{"name":"getListingFee","line":171,"loc":{"start":{"line":171,"column":4},"end":{"line":173,"column":4}}},"6":{"name":"is721","line":178,"loc":{"start":{"line":178,"column":4},"end":{"line":184,"column":4}}},"7":{"name":"is1155","line":189,"loc":{"start":{"line":189,"column":4},"end":{"line":195,"column":4}}},"8":{"name":"_checkNftStandard","line":202,"loc":{"start":{"line":202,"column":4},"end":{"line":211,"column":4}}},"9":{"name":"_deduceRoyalties","line":216,"loc":{"start":{"line":216,"column":4},"end":{"line":237,"column":4}}},"10":{"name":"sellAvaiableInMarketplace","line":248,"loc":{"start":{"line":244,"column":4},"end":{"line":257,"column":4}}},"11":{"name":"_createMarketInfo","line":264,"loc":{"start":{"line":264,"column":4},"end":{"line":308,"column":4}}},"12":{"name":"callAfterMint","line":322,"loc":{"start":{"line":310,"column":4},"end":{"line":327,"column":4}}},"13":{"name":"sell","line":347,"loc":{"start":{"line":334,"column":4},"end":{"line":360,"column":4}}},"14":{"name":"cancelSell","line":371,"loc":{"start":{"line":367,"column":4},"end":{"line":392,"column":4}}},"15":{"name":"buy","line":403,"loc":{"start":{"line":399,"column":4},"end":{"line":431,"column":4}}},"16":{"name":"_transferNFTCall","line":436,"loc":{"start":{"line":436,"column":4},"end":{"line":451,"column":4}}},"17":{"name":"getRoyaltyInfo","line":458,"loc":{"start":{"line":458,"column":4},"end":{"line":469,"column":4}}},"18":{"name":"getLatestMarketItemByTokenId","line":474,"loc":{"start":{"line":474,"column":4},"end":{"line":488,"column":4}}},"19":{"name":"fetchAvailableMarketItems","line":495,"loc":{"start":{"line":495,"column":4},"end":{"line":509,"column":4}}},"20":{"name":"fetchMarketItemsByMarketID","line":516,"loc":{"start":{"line":516,"column":4},"end":{"line":522,"column":4}}},"21":{"name":"fetchMarketItemsByAddress","line":529,"loc":{"start":{"line":529,"column":4},"end":{"line":539,"column":4}}},"22":{"name":"onERC721Received","line":546,"loc":{"start":{"line":546,"column":4},"end":{"line":553,"column":4}}},"23":{"name":"onERC1155Received","line":560,"loc":{"start":{"line":560,"column":4},"end":{"line":568,"column":4}}}},"statementMap":{"1":{"start":{"line":124,"column":8},"end":{"line":124,"column":91}},"2":{"start":{"line":136,"column":8},"end":{"line":136,"column":35}},"3":{"start":{"line":137,"column":8},"end":{"line":137,"column":44}},"4":{"start":{"line":138,"column":8},"end":{"line":138,"column":54}},"5":{"start":{"line":139,"column":8},"end":{"line":139,"column":32}},"6":{"start":{"line":140,"column":8},"end":{"line":140,"column":27}},"7":{"start":{"line":141,"column":8},"end":{"line":141,"column":24}},"8":{"start":{"line":150,"column":8},"end":{"line":150,"column":38}},"9":{"start":{"line":151,"column":8},"end":{"line":151,"column":25}},"10":{"start":{"line":152,"column":8},"end":{"line":152,"column":47}},"11":{"start":{"line":161,"column":8},"end":{"line":161,"column":33}},"12":{"start":{"line":162,"column":8},"end":{"line":162,"column":28}},"13":{"start":{"line":163,"column":8},"end":{"line":163,"column":45}},"14":{"start":{"line":172,"column":8},"end":{"line":172,"column":54}},"15":{"start":{"line":179,"column":8},"end":{"line":179,"column":6400}},"16":{"start":{"line":183,"column":8},"end":{"line":183,"column":95}},"17":{"start":{"line":190,"column":8},"end":{"line":190,"column":6826}},"18":{"start":{"line":194,"column":8},"end":{"line":194,"column":96}},"19":{"start":{"line":203,"column":8},"end":{"line":203,"column":7298}},"20":{"start":{"line":204,"column":12},"end":{"line":204,"column":37}},"21":{"start":{"line":206,"column":8},"end":{"line":206,"column":7382}},"22":{"start":{"line":207,"column":12},"end":{"line":207,"column":38}},"23":{"start":{"line":210,"column":8},"end":{"line":210,"column":31}},"24":{"start":{"line":222,"column":8},"end":{"line":222,"column":7836}},"25":{"start":{"line":229,"column":8},"end":{"line":229,"column":63}},"26":{"start":{"line":231,"column":8},"end":{"line":231,"column":8181}},"27":{"start":{"line":232,"column":12},"end":{"line":232,"column":72}},"28":{"start":{"line":235,"column":8},"end":{"line":235,"column":52}},"29":{"start":{"line":236,"column":8},"end":{"line":236,"column":27}},"30":{"start":{"line":249,"column":8},"end":{"line":249,"column":72}},"31":{"start":{"line":250,"column":8},"end":{"line":250,"column":88}},"32":{"start":{"line":251,"column":8},"end":{"line":251,"column":82}},"33":{"start":{"line":253,"column":8},"end":{"line":253,"column":25}},"34":{"start":{"line":254,"column":8},"end":{"line":254,"column":45}},"35":{"start":{"line":255,"column":8},"end":{"line":255,"column":26}},"36":{"start":{"line":256,"column":8},"end":{"line":256,"column":51}},"37":{"start":{"line":272,"column":8},"end":{"line":272,"column":60}},"38":{"start":{"line":273,"column":8},"end":{"line":273,"column":81}},"39":{"start":{"line":275,"column":8},"end":{"line":275,"column":33}},"40":{"start":{"line":276,"column":8},"end":{"line":276,"column":55}},"41":{"start":{"line":278,"column":8},"end":{"line":278,"column":55}},"42":{"start":{"line":279,"column":8},"end":{"line":279,"column":21}},"43":{"start":{"line":280,"column":8},"end":{"line":280,"column":9904}},"44":{"start":{"line":281,"column":12},"end":{"line":281,"column":44}},"45":{"start":{"line":282,"column":12},"end":{"line":282,"column":34}},"46":{"start":{"line":284,"column":8},"end":{"line":284,"column":10064}},"47":{"start":{"line":296,"column":8},"end":{"line":296,"column":51}},"48":{"start":{"line":298,"column":8},"end":{"line":298,"column":10403}},"49":{"start":{"line":324,"column":8},"end":{"line":324,"column":65}},"50":{"start":{"line":326,"column":8},"end":{"line":326,"column":89}},"51":{"start":{"line":350,"column":8},"end":{"line":350,"column":11761}},"52":{"start":{"line":359,"column":8},"end":{"line":359,"column":89}},"53":{"start":{"line":373,"column":8},"end":{"line":373,"column":71}},"54":{"start":{"line":374,"column":8},"end":{"line":374,"column":12455}},"55":{"start":{"line":378,"column":8},"end":{"line":378,"column":78}},"56":{"start":{"line":380,"column":8},"end":{"line":380,"column":46}},"57":{"start":{"line":381,"column":8},"end":{"line":381,"column":59}},"58":{"start":{"line":383,"column":8},"end":{"line":383,"column":12884}},"59":{"start":{"line":391,"column":8},"end":{"line":391,"column":42}},"60":{"start":{"line":405,"column":8},"end":{"line":405,"column":71}},"61":{"start":{"line":406,"column":8},"end":{"line":406,"column":84}},"62":{"start":{"line":409,"column":8},"end":{"line":409,"column":32}},"63":{"start":{"line":410,"column":8},"end":{"line":410,"column":42}},"64":{"start":{"line":411,"column":8},"end":{"line":411,"column":59}},"65":{"start":{"line":413,"column":8},"end":{"line":413,"column":77}},"66":{"start":{"line":415,"column":8},"end":{"line":415,"column":69}},"67":{"start":{"line":417,"column":8},"end":{"line":417,"column":98}},"68":{"start":{"line":418,"column":8},"end":{"line":418,"column":33}},"69":{"start":{"line":420,"column":8},"end":{"line":420,"column":59}},"70":{"start":{"line":422,"column":8},"end":{"line":422,"column":14315}},"71":{"start":{"line":430,"column":8},"end":{"line":430,"column":65}},"72":{"start":{"line":443,"column":8},"end":{"line":443,"column":67}},"73":{"start":{"line":444,"column":8},"end":{"line":444,"column":81}},"74":{"start":{"line":446,"column":8},"end":{"line":446,"column":14969}},"75":{"start":{"line":447,"column":12},"end":{"line":447,"column":85}},"76":{"start":{"line":449,"column":12},"end":{"line":449,"column":98}},"77":{"start":{"line":463,"column":8},"end":{"line":463,"column":15535}},"78":{"start":{"line":464,"column":12},"end":{"line":464,"column":15668}},"79":{"start":{"line":466,"column":12},"end":{"line":466,"column":55}},"80":{"start":{"line":468,"column":8},"end":{"line":468,"column":30}},"81":{"start":{"line":479,"column":8},"end":{"line":479,"column":53}},"82":{"start":{"line":481,"column":8},"end":{"line":481,"column":16174}},"83":{"start":{"line":482,"column":12},"end":{"line":482,"column":64}},"84":{"start":{"line":483,"column":12},"end":{"line":483,"column":90}},"85":{"start":{"line":484,"column":12},"end":{"line":484,"column":31}},"86":{"start":{"line":487,"column":8},"end":{"line":487,"column":51}},"87":{"start":{"line":496,"column":8},"end":{"line":496,"column":53}},"88":{"start":{"line":498,"column":8},"end":{"line":498,"column":70}},"89":{"start":{"line":499,"column":8},"end":{"line":499,"column":32}},"90":{"start":{"line":500,"column":8},"end":{"line":500,"column":16912}},"91":{"start":{"line":501,"column":12},"end":{"line":501,"column":68}},"92":{"start":{"line":502,"column":12},"end":{"line":502,"column":17055}},"93":{"start":{"line":504,"column":12},"end":{"line":504,"column":43}},"94":{"start":{"line":505,"column":12},"end":{"line":505,"column":28}},"95":{"start":{"line":508,"column":8},"end":{"line":508,"column":26}},"96":{"start":{"line":521,"column":8},"end":{"line":521,"column":49}},"97":{"start":{"line":534,"column":8},"end":{"line":534,"column":88}},"98":{"start":{"line":535,"column":8},"end":{"line":535,"column":17986}},"99":{"start":{"line":536,"column":12},"end":{"line":536,"column":79}},"100":{"start":{"line":538,"column":8},"end":{"line":538,"column":19}},"101":{"start":{"line":552,"column":8},"end":{"line":552,"column":45}},"102":{"start":{"line":567,"column":8},"end":{"line":567,"column":46}}},"branchMap":{"1":{"line":124,"type":"if","locations":[{"start":{"line":124,"column":8},"end":{"line":124,"column":8}},{"start":{"line":124,"column":8},"end":{"line":124,"column":8}}]},"2":{"line":203,"type":"if","locations":[{"start":{"line":203,"column":8},"end":{"line":203,"column":8}},{"start":{"line":203,"column":8},"end":{"line":203,"column":8}}]},"3":{"line":206,"type":"if","locations":[{"start":{"line":206,"column":8},"end":{"line":206,"column":8}},{"start":{"line":206,"column":8},"end":{"line":206,"column":8}}]},"4":{"line":231,"type":"if","locations":[{"start":{"line":231,"column":8},"end":{"line":231,"column":8}},{"start":{"line":231,"column":8},"end":{"line":231,"column":8}}]},"5":{"line":250,"type":"if","locations":[{"start":{"line":250,"column":8},"end":{"line":250,"column":8}},{"start":{"line":250,"column":8},"end":{"line":250,"column":8}}]},"6":{"line":251,"type":"if","locations":[{"start":{"line":251,"column":8},"end":{"line":251,"column":8}},{"start":{"line":251,"column":8},"end":{"line":251,"column":8}}]},"7":{"line":273,"type":"if","locations":[{"start":{"line":273,"column":8},"end":{"line":273,"column":8}},{"start":{"line":273,"column":8},"end":{"line":273,"column":8}}]},"8":{"line":280,"type":"if","locations":[{"start":{"line":280,"column":8},"end":{"line":280,"column":8}},{"start":{"line":280,"column":8},"end":{"line":280,"column":8}}]},"9":{"line":324,"type":"if","locations":[{"start":{"line":324,"column":8},"end":{"line":324,"column":8}},{"start":{"line":324,"column":8},"end":{"line":324,"column":8}}]},"10":{"line":374,"type":"if","locations":[{"start":{"line":374,"column":8},"end":{"line":374,"column":8}},{"start":{"line":374,"column":8},"end":{"line":374,"column":8}}]},"11":{"line":378,"type":"if","locations":[{"start":{"line":378,"column":8},"end":{"line":378,"column":8}},{"start":{"line":378,"column":8},"end":{"line":378,"column":8}}]},"12":{"line":406,"type":"if","locations":[{"start":{"line":406,"column":8},"end":{"line":406,"column":8}},{"start":{"line":406,"column":8},"end":{"line":406,"column":8}}]},"13":{"line":444,"type":"if","locations":[{"start":{"line":444,"column":8},"end":{"line":444,"column":8}},{"start":{"line":444,"column":8},"end":{"line":444,"column":8}}]},"14":{"line":446,"type":"if","locations":[{"start":{"line":446,"column":8},"end":{"line":446,"column":8}},{"start":{"line":446,"column":8},"end":{"line":446,"column":8}}]},"15":{"line":463,"type":"if","locations":[{"start":{"line":463,"column":8},"end":{"line":463,"column":8}},{"start":{"line":463,"column":8},"end":{"line":463,"column":8}}]},"16":{"line":483,"type":"if","locations":[{"start":{"line":483,"column":12},"end":{"line":483,"column":12}},{"start":{"line":483,"column":12},"end":{"line":483,"column":12}}]},"17":{"line":502,"type":"if","locations":[{"start":{"line":502,"column":12},"end":{"line":502,"column":12}},{"start":{"line":502,"column":12},"end":{"line":502,"column":12}}]}}},"contracts\\Marketplace\\MetaversusManager.sol":{"l":{"98":141,"99":141,"100":141,"101":141,"102":141,"103":141,"104":141,"105":141,"106":141,"107":141,"108":141,"109":141,"118":3,"119":3,"120":3,"133":2,"134":2,"135":2,"148":3,"149":3,"164":7,"166":7,"167":5,"168":5,"169":5,"178":2,"179":2,"180":2,"190":7,"199":1,"204":1,"206":1,"220":1,"222":1},"path":"D:\\METAVERSUS\\bsc-metaversus-contracts\\contracts\\Marketplace\\MetaversusManager.sol","s":{"1":141,"2":141,"3":141,"4":141,"5":141,"6":141,"7":141,"8":141,"9":141,"10":141,"11":141,"12":141,"13":3,"14":3,"15":3,"16":2,"17":2,"18":2,"19":3,"20":3,"21":7,"22":7,"23":5,"24":5,"25":5,"26":2,"27":2,"28":2,"29":2,"30":7,"31":1,"32":1,"33":1,"34":1,"35":1},"b":{"1":[5,2],"2":[2,0]},"f":{"1":141,"2":3,"3":2,"4":3,"5":7,"6":1,"7":1},"fnMap":{"1":{"name":"initialize","line":97,"loc":{"start":{"line":86,"column":4},"end":{"line":110,"column":4}}},"2":{"name":"setTreasury","line":117,"loc":{"start":{"line":117,"column":4},"end":{"line":121,"column":4}}},"3":{"name":"setMarketplace","line":131,"loc":{"start":{"line":128,"column":4},"end":{"line":136,"column":4}}},"4":{"name":"setFee","line":146,"loc":{"start":{"line":143,"column":4},"end":{"line":150,"column":4}}},"5":{"name":"createNFT","line":163,"loc":{"start":{"line":157,"column":4},"end":{"line":191,"column":4}}},"6":{"name":"buyTicket","line":198,"loc":{"start":{"line":198,"column":4},"end":{"line":207,"column":4}}},"7":{"name":"buyTicketEvent","line":218,"loc":{"start":{"line":214,"column":4},"end":{"line":223,"column":4}}}},"statementMap":{"1":{"start":{"line":98,"column":8},"end":{"line":98,"column":35}},"2":{"start":{"line":99,"column":8},"end":{"line":99,"column":44}},"3":{"start":{"line":100,"column":8},"end":{"line":100,"column":32}},"4":{"start":{"line":101,"column":8},"end":{"line":101,"column":27}},"5":{"start":{"line":102,"column":8},"end":{"line":102,"column":58}},"6":{"start":{"line":103,"column":8},"end":{"line":103,"column":54}},"7":{"start":{"line":104,"column":8},"end":{"line":104,"column":53}},"8":{"start":{"line":105,"column":8},"end":{"line":105,"column":56}},"9":{"start":{"line":106,"column":8},"end":{"line":106,"column":45}},"10":{"start":{"line":107,"column":8},"end":{"line":107,"column":53}},"11":{"start":{"line":108,"column":8},"end":{"line":108,"column":62}},"12":{"start":{"line":109,"column":8},"end":{"line":109,"column":58}},"13":{"start":{"line":118,"column":8},"end":{"line":118,"column":38}},"14":{"start":{"line":119,"column":8},"end":{"line":119,"column":25}},"15":{"start":{"line":120,"column":8},"end":{"line":120,"column":47}},"16":{"start":{"line":133,"column":8},"end":{"line":133,"column":53}},"17":{"start":{"line":134,"column":8},"end":{"line":134,"column":56}},"18":{"start":{"line":135,"column":8},"end":{"line":135,"column":65}},"19":{"start":{"line":148,"column":8},"end":{"line":148,"column":38}},"20":{"start":{"line":149,"column":8},"end":{"line":149,"column":45}},"21":{"start":{"line":164,"column":8},"end":{"line":164,"column":95}},"22":{"start":{"line":166,"column":8},"end":{"line":166,"column":5435}},"23":{"start":{"line":167,"column":12},"end":{"line":167,"column":72}},"24":{"start":{"line":168,"column":12},"end":{"line":168,"column":65}},"25":{"start":{"line":169,"column":12},"end":{"line":169,"column":5629}},"26":{"start":{"line":177,"column":15},"end":{"line":177,"column":5857}},"27":{"start":{"line":178,"column":12},"end":{"line":178,"column":81}},"28":{"start":{"line":179,"column":12},"end":{"line":179,"column":66}},"29":{"start":{"line":180,"column":12},"end":{"line":180,"column":6062}},"30":{"start":{"line":190,"column":8},"end":{"line":190,"column":60}},"31":{"start":{"line":199,"column":8},"end":{"line":199,"column":6560}},"32":{"start":{"line":204,"column":8},"end":{"line":204,"column":35}},"33":{"start":{"line":206,"column":8},"end":{"line":206,"column":39}},"34":{"start":{"line":220,"column":8},"end":{"line":220,"column":98}},"35":{"start":{"line":222,"column":8},"end":{"line":222,"column":53}}},"branchMap":{"1":{"line":166,"type":"if","locations":[{"start":{"line":166,"column":8},"end":{"line":166,"column":8}},{"start":{"line":166,"column":8},"end":{"line":166,"column":8}}]},"2":{"line":177,"type":"if","locations":[{"start":{"line":177,"column":15},"end":{"line":177,"column":15}},{"start":{"line":177,"column":15},"end":{"line":177,"column":15}}]}}},"contracts\\StakingPool\\StakingPool.sol":{"l":{"106":90,"107":90,"108":90,"109":90,"110":90,"111":90,"112":90,"113":90,"120":1,"127":0,"134":2,"141":2,"148":2,"155":2,"164":32,"165":32,"174":1,"175":1,"188":1,"189":1,"202":1,"203":1,"210":2,"219":15,"223":15,"228":15,"229":15,"230":0,"231":0,"232":0,"235":15,"238":15,"239":15,"242":15,"244":15,"251":6,"252":6,"253":6,"254":6,"255":6,"257":0,"264":6,"268":5,"269":5,"270":4,"271":4,"273":4,"274":4,"281":7,"282":6,"283":6,"285":5,"286":5,"288":5,"289":5,"296":3,"297":3,"301":2,"306":1,"307":1,"309":1,"310":1,"311":1,"312":0,"314":0,"315":0,"324":4,"325":4,"329":3,"333":2,"336":1,"339":1,"340":1,"341":1,"343":1,"344":1,"346":1,"347":1,"348":1,"352":1,"354":1,"363":1,"364":1,"369":0,"372":1,"379":7,"380":2,"387":7,"388":7,"389":7,"390":0,"392":7,"395":7},"path":"D:\\METAVERSUS\\bsc-metaversus-contracts\\contracts\\StakingPool\\StakingPool.sol","s":{"1":90,"2":90,"3":90,"4":90,"5":90,"6":90,"7":90,"8":90,"9":1,"10":0,"11":2,"12":2,"13":2,"14":2,"15":32,"16":32,"17":1,"18":1,"19":1,"20":1,"21":1,"22":1,"23":2,"24":15,"25":15,"26":15,"27":15,"28":0,"29":0,"30":0,"31":15,"32":15,"33":15,"34":15,"35":15,"36":6,"37":6,"38":6,"39":6,"40":6,"41":0,"42":6,"43":5,"44":5,"45":4,"46":4,"47":4,"48":4,"49":7,"50":6,"51":6,"52":5,"53":5,"54":5,"55":5,"56":3,"57":3,"58":2,"59":1,"60":1,"61":1,"62":1,"63":1,"64":0,"65":0,"66":0,"67":4,"68":4,"69":3,"70":2,"71":1,"72":1,"73":1,"74":1,"75":1,"76":1,"77":1,"78":1,"79":1,"80":1,"81":1,"82":1,"83":1,"84":0,"85":1,"86":7,"87":5,"88":2,"89":7,"90":7,"91":7,"92":0,"93":7,"94":7},"b":{"1":[15,0],"2":[15,0],"3":[0,15],"4":[0,0],"5":[6,0],"6":[5,1],"7":[4,1],"8":[6,1],"9":[5,1],"10":[2,1],"11":[1,1],"12":[1,0],"13":[0,1],"14":[3,1],"15":[2,1],"16":[1,1],"17":[1,0],"18":[1,0],"19":[5,2],"20":[0,7]},"f":{"1":90,"2":1,"3":0,"4":2,"5":2,"6":2,"7":2,"8":32,"9":1,"10":1,"11":1,"12":2,"13":15,"14":6,"15":6,"16":7,"17":3,"18":4,"19":1,"20":7,"21":7},"fnMap":{"1":{"name":"initialize","line":105,"loc":{"start":{"line":98,"column":4},"end":{"line":114,"column":4}}},"2":{"name":"getStakeToken","line":119,"loc":{"start":{"line":119,"column":4},"end":{"line":121,"column":4}}},"3":{"name":"getNftAddress","line":126,"loc":{"start":{"line":126,"column":4},"end":{"line":128,"column":4}}},"4":{"name":"getStakedAmount","line":133,"loc":{"start":{"line":133,"column":4},"end":{"line":135,"column":4}}},"5":{"name":"getPoolDuration","line":140,"loc":{"start":{"line":140,"column":4},"end":{"line":142,"column":4}}},"6":{"name":"getRewardRate","line":147,"loc":{"start":{"line":147,"column":4},"end":{"line":149,"column":4}}},"7":{"name":"getStartTime","line":154,"loc":{"start":{"line":154,"column":4},"end":{"line":156,"column":4}}},"8":{"name":"setStartTime","line":163,"loc":{"start":{"line":163,"column":4},"end":{"line":166,"column":4}}},"9":{"name":"setRewardRate","line":173,"loc":{"start":{"line":173,"column":4},"end":{"line":176,"column":4}}},"10":{"name":"setPendingUnstake","line":186,"loc":{"start":{"line":183,"column":4},"end":{"line":190,"column":4}}},"11":{"name":"setPoolDuration","line":200,"loc":{"start":{"line":197,"column":4},"end":{"line":204,"column":4}}},"12":{"name":"getUserAmount","line":209,"loc":{"start":{"line":209,"column":4},"end":{"line":211,"column":4}}},"13":{"name":"stake","line":218,"loc":{"start":{"line":218,"column":4},"end":{"line":245,"column":4}}},"14":{"name":"pendingRewards","line":250,"loc":{"start":{"line":250,"column":4},"end":{"line":258,"column":4}}},"15":{"name":"requestUnstake","line":263,"loc":{"start":{"line":263,"column":4},"end":{"line":275,"column":4}}},"16":{"name":"requestClaim","line":280,"loc":{"start":{"line":280,"column":4},"end":{"line":290,"column":4}}},"17":{"name":"claim","line":295,"loc":{"start":{"line":295,"column":4},"end":{"line":318,"column":4}}},"18":{"name":"unstake","line":323,"loc":{"start":{"line":323,"column":4},"end":{"line":355,"column":4}}},"19":{"name":"emergencyWithdraw","line":362,"loc":{"start":{"line":362,"column":4},"end":{"line":373,"column":4}}},"20":{"name":"min","line":378,"loc":{"start":{"line":378,"column":4},"end":{"line":381,"column":4}}},"21":{"name":"calReward","line":386,"loc":{"start":{"line":386,"column":4},"end":{"line":396,"column":4}}}},"statementMap":{"1":{"start":{"line":106,"column":8},"end":{"line":106,"column":35}},"2":{"start":{"line":107,"column":8},"end":{"line":107,"column":32}},"3":{"start":{"line":108,"column":8},"end":{"line":108,"column":32}},"4":{"start":{"line":109,"column":8},"end":{"line":109,"column":34}},"5":{"start":{"line":110,"column":8},"end":{"line":110,"column":32}},"6":{"start":{"line":111,"column":8},"end":{"line":111,"column":36}},"7":{"start":{"line":112,"column":8},"end":{"line":112,"column":32}},"8":{"start":{"line":113,"column":8},"end":{"line":113,"column":30}},"9":{"start":{"line":120,"column":8},"end":{"line":120,"column":35}},"10":{"start":{"line":127,"column":8},"end":{"line":127,"column":35}},"11":{"start":{"line":134,"column":8},"end":{"line":134,"column":28}},"12":{"start":{"line":141,"column":8},"end":{"line":141,"column":28}},"13":{"start":{"line":148,"column":8},"end":{"line":148,"column":26}},"14":{"start":{"line":155,"column":8},"end":{"line":155,"column":25}},"15":{"start":{"line":164,"column":8},"end":{"line":164,"column":29}},"16":{"start":{"line":165,"column":8},"end":{"line":165,"column":36}},"17":{"start":{"line":174,"column":8},"end":{"line":174,"column":31}},"18":{"start":{"line":175,"column":8},"end":{"line":175,"column":38}},"19":{"start":{"line":188,"column":8},"end":{"line":188,"column":35}},"20":{"start":{"line":189,"column":8},"end":{"line":189,"column":40}},"21":{"start":{"line":202,"column":8},"end":{"line":202,"column":35}},"22":{"start":{"line":203,"column":8},"end":{"line":203,"column":38}},"23":{"start":{"line":210,"column":8},"end":{"line":210,"column":38}},"24":{"start":{"line":219,"column":8},"end":{"line":219,"column":6614}},"25":{"start":{"line":223,"column":8},"end":{"line":223,"column":6768}},"26":{"start":{"line":228,"column":8},"end":{"line":228,"column":51}},"27":{"start":{"line":229,"column":8},"end":{"line":229,"column":7027}},"28":{"start":{"line":230,"column":12},"end":{"line":230,"column":53}},"29":{"start":{"line":231,"column":12},"end":{"line":231,"column":7128}},"30":{"start":{"line":232,"column":16},"end":{"line":232,"column":66}},"31":{"start":{"line":235,"column":8},"end":{"line":235,"column":39}},"32":{"start":{"line":238,"column":8},"end":{"line":238,"column":55}},"33":{"start":{"line":239,"column":8},"end":{"line":239,"column":49}},"34":{"start":{"line":242,"column":8},"end":{"line":242,"column":73}},"35":{"start":{"line":244,"column":8},"end":{"line":244,"column":42}},"36":{"start":{"line":251,"column":8},"end":{"line":251,"column":43}},"37":{"start":{"line":252,"column":8},"end":{"line":252,"column":7846}},"38":{"start":{"line":253,"column":12},"end":{"line":253,"column":45}},"39":{"start":{"line":254,"column":12},"end":{"line":254,"column":48}},"40":{"start":{"line":255,"column":12},"end":{"line":255,"column":25}},"41":{"start":{"line":257,"column":8},"end":{"line":257,"column":16}},"42":{"start":{"line":264,"column":8},"end":{"line":264,"column":8222}},"43":{"start":{"line":268,"column":8},"end":{"line":268,"column":51}},"44":{"start":{"line":269,"column":8},"end":{"line":269,"column":67}},"45":{"start":{"line":270,"column":8},"end":{"line":270,"column":42}},"46":{"start":{"line":271,"column":8},"end":{"line":271,"column":71}},"47":{"start":{"line":273,"column":8},"end":{"line":273,"column":41}},"48":{"start":{"line":274,"column":8},"end":{"line":274,"column":44}},"49":{"start":{"line":281,"column":8},"end":{"line":281,"column":60}},"50":{"start":{"line":282,"column":8},"end":{"line":282,"column":51}},"51":{"start":{"line":283,"column":8},"end":{"line":283,"column":65}},"52":{"start":{"line":285,"column":8},"end":{"line":285,"column":40}},"53":{"start":{"line":286,"column":8},"end":{"line":286,"column":69}},"54":{"start":{"line":288,"column":8},"end":{"line":288,"column":39}},"55":{"start":{"line":289,"column":8},"end":{"line":289,"column":42}},"56":{"start":{"line":296,"column":8},"end":{"line":296,"column":51}},"57":{"start":{"line":297,"column":8},"end":{"line":297,"column":9471}},"58":{"start":{"line":301,"column":8},"end":{"line":301,"column":9618}},"59":{"start":{"line":306,"column":8},"end":{"line":306,"column":41}},"60":{"start":{"line":307,"column":8},"end":{"line":307,"column":39}},"61":{"start":{"line":309,"column":8},"end":{"line":309,"column":9932}},"62":{"start":{"line":310,"column":12},"end":{"line":310,"column":58}},"63":{"start":{"line":311,"column":12},"end":{"line":311,"column":10038}},"64":{"start":{"line":312,"column":16},"end":{"line":312,"column":38}},"65":{"start":{"line":314,"column":16},"end":{"line":314,"column":63}},"66":{"start":{"line":315,"column":16},"end":{"line":315,"column":51}},"67":{"start":{"line":324,"column":8},"end":{"line":324,"column":51}},"68":{"start":{"line":325,"column":8},"end":{"line":325,"column":10526}},"69":{"start":{"line":329,"column":8},"end":{"line":329,"column":10684}},"70":{"start":{"line":333,"column":8},"end":{"line":333,"column":92}},"71":{"start":{"line":336,"column":8},"end":{"line":336,"column":54}},"72":{"start":{"line":339,"column":8},"end":{"line":339,"column":43}},"73":{"start":{"line":340,"column":8},"end":{"line":340,"column":41}},"74":{"start":{"line":341,"column":8},"end":{"line":341,"column":39}},"75":{"start":{"line":343,"column":8},"end":{"line":343,"column":55}},"76":{"start":{"line":344,"column":8},"end":{"line":344,"column":49}},"77":{"start":{"line":346,"column":8},"end":{"line":346,"column":11406}},"78":{"start":{"line":347,"column":12},"end":{"line":347,"column":34}},"79":{"start":{"line":348,"column":12},"end":{"line":348,"column":59}},"80":{"start":{"line":352,"column":8},"end":{"line":352,"column":54}},"81":{"start":{"line":354,"column":8},"end":{"line":354,"column":44}},"82":{"start":{"line":363,"column":8},"end":{"line":363,"column":11891}},"83":{"start":{"line":364,"column":12},"end":{"line":364,"column":11943}},"84":{"start":{"line":369,"column":12},"end":{"line":369,"column":84}},"85":{"start":{"line":372,"column":8},"end":{"line":372,"column":69}},"86":{"start":{"line":379,"column":8},"end":{"line":379,"column":27}},"87":{"start":{"line":379,"column":19},"end":{"line":379,"column":27}},"88":{"start":{"line":380,"column":8},"end":{"line":380,"column":16}},"89":{"start":{"line":387,"column":8},"end":{"line":387,"column":43}},"90":{"start":{"line":388,"column":8},"end":{"line":388,"column":77}},"91":{"start":{"line":389,"column":8},"end":{"line":389,"column":12773}},"92":{"start":{"line":390,"column":12},"end":{"line":390,"column":20}},"93":{"start":{"line":392,"column":8},"end":{"line":392,"column":12849}},"94":{"start":{"line":395,"column":8},"end":{"line":395,"column":21}}},"branchMap":{"1":{"line":219,"type":"if","locations":[{"start":{"line":219,"column":8},"end":{"line":219,"column":8}},{"start":{"line":219,"column":8},"end":{"line":219,"column":8}}]},"2":{"line":223,"type":"if","locations":[{"start":{"line":223,"column":8},"end":{"line":223,"column":8}},{"start":{"line":223,"column":8},"end":{"line":223,"column":8}}]},"3":{"line":229,"type":"if","locations":[{"start":{"line":229,"column":8},"end":{"line":229,"column":8}},{"start":{"line":229,"column":8},"end":{"line":229,"column":8}}]},"4":{"line":231,"type":"if","locations":[{"start":{"line":231,"column":12},"end":{"line":231,"column":12}},{"start":{"line":231,"column":12},"end":{"line":231,"column":12}}]},"5":{"line":252,"type":"if","locations":[{"start":{"line":252,"column":8},"end":{"line":252,"column":8}},{"start":{"line":252,"column":8},"end":{"line":252,"column":8}}]},"6":{"line":264,"type":"if","locations":[{"start":{"line":264,"column":8},"end":{"line":264,"column":8}},{"start":{"line":264,"column":8},"end":{"line":264,"column":8}}]},"7":{"line":269,"type":"if","locations":[{"start":{"line":269,"column":8},"end":{"line":269,"column":8}},{"start":{"line":269,"column":8},"end":{"line":269,"column":8}}]},"8":{"line":281,"type":"if","locations":[{"start":{"line":281,"column":8},"end":{"line":281,"column":8}},{"start":{"line":281,"column":8},"end":{"line":281,"column":8}}]},"9":{"line":283,"type":"if","locations":[{"start":{"line":283,"column":8},"end":{"line":283,"column":8}},{"start":{"line":283,"column":8},"end":{"line":283,"column":8}}]},"10":{"line":297,"type":"if","locations":[{"start":{"line":297,"column":8},"end":{"line":297,"column":8}},{"start":{"line":297,"column":8},"end":{"line":297,"column":8}}]},"11":{"line":301,"type":"if","locations":[{"start":{"line":301,"column":8},"end":{"line":301,"column":8}},{"start":{"line":301,"column":8},"end":{"line":301,"column":8}}]},"12":{"line":309,"type":"if","locations":[{"start":{"line":309,"column":8},"end":{"line":309,"column":8}},{"start":{"line":309,"column":8},"end":{"line":309,"column":8}}]},"13":{"line":311,"type":"if","locations":[{"start":{"line":311,"column":12},"end":{"line":311,"column":12}},{"start":{"line":311,"column":12},"end":{"line":311,"column":12}}]},"14":{"line":325,"type":"if","locations":[{"start":{"line":325,"column":8},"end":{"line":325,"column":8}},{"start":{"line":325,"column":8},"end":{"line":325,"column":8}}]},"15":{"line":329,"type":"if","locations":[{"start":{"line":329,"column":8},"end":{"line":329,"column":8}},{"start":{"line":329,"column":8},"end":{"line":329,"column":8}}]},"16":{"line":333,"type":"if","locations":[{"start":{"line":333,"column":8},"end":{"line":333,"column":8}},{"start":{"line":333,"column":8},"end":{"line":333,"column":8}}]},"17":{"line":346,"type":"if","locations":[{"start":{"line":346,"column":8},"end":{"line":346,"column":8}},{"start":{"line":346,"column":8},"end":{"line":346,"column":8}}]},"18":{"line":363,"type":"if","locations":[{"start":{"line":363,"column":8},"end":{"line":363,"column":8}},{"start":{"line":363,"column":8},"end":{"line":363,"column":8}}]},"19":{"line":379,"type":"if","locations":[{"start":{"line":379,"column":8},"end":{"line":379,"column":8}},{"start":{"line":379,"column":8},"end":{"line":379,"column":8}}]},"20":{"line":389,"type":"if","locations":[{"start":{"line":389,"column":8},"end":{"line":389,"column":8}},{"start":{"line":389,"column":8},"end":{"line":389,"column":8}}]}}},"contracts\\Token\\MTVS.sol":{"l":{"27":58,"31":57,"35":61,"36":59,"40":58,"41":56,"54":456,"55":456,"56":456,"57":456,"58":456,"67":5,"76":3,"77":3,"91":55,"93":55,"102":1},"path":"D:\\METAVERSUS\\bsc-metaversus-contracts\\contracts\\Token\\MTVS.sol","s":{"1":58,"2":61,"3":58,"4":456,"5":456,"6":456,"7":456,"8":456,"9":5,"10":3,"11":3,"12":55,"13":55,"14":1},"b":{"1":[57,1],"2":[59,2],"3":[56,2]},"f":{"1":58,"2":61,"3":58,"4":456,"5":5,"6":3,"7":55,"8":1},"fnMap":{"1":{"name":"onlyControllers","line":26,"loc":{"start":{"line":26,"column":4},"end":{"line":32,"column":4}}},"2":{"name":"notZeroAddress","line":34,"loc":{"start":{"line":34,"column":4},"end":{"line":37,"column":4}}},"3":{"name":"notZeroAmount","line":39,"loc":{"start":{"line":39,"column":4},"end":{"line":42,"column":4}}},"4":{"name":"initialize","line":53,"loc":{"start":{"line":47,"column":4},"end":{"line":59,"column":4}}},"5":{"name":"isController","line":66,"loc":{"start":{"line":66,"column":4},"end":{"line":68,"column":4}}},"6":{"name":"setController","line":75,"loc":{"start":{"line":75,"column":4},"end":{"line":78,"column":4}}},"7":{"name":"mint","line":89,"loc":{"start":{"line":85,"column":4},"end":{"line":94,"column":4}}},"8":{"name":"burn","line":101,"loc":{"start":{"line":101,"column":4},"end":{"line":103,"column":4}}}},"statementMap":{"1":{"start":{"line":27,"column":8},"end":{"line":27,"column":1017}},"2":{"start":{"line":35,"column":8},"end":{"line":35,"column":62}},"3":{"start":{"line":40,"column":8},"end":{"line":40,"column":59}},"4":{"start":{"line":54,"column":8},"end":{"line":54,"column":52}},"5":{"start":{"line":55,"column":8},"end":{"line":55,"column":42}},"6":{"start":{"line":56,"column":8},"end":{"line":56,"column":34}},"7":{"start":{"line":57,"column":8},"end":{"line":57,"column":35}},"8":{"start":{"line":58,"column":8},"end":{"line":58,"column":37}},"9":{"start":{"line":67,"column":8},"end":{"line":67,"column":35}},"10":{"start":{"line":76,"column":8},"end":{"line":76,"column":32}},"11":{"start":{"line":77,"column":8},"end":{"line":77,"column":39}},"12":{"start":{"line":91,"column":8},"end":{"line":91,"column":30}},"13":{"start":{"line":93,"column":8},"end":{"line":93,"column":37}},"14":{"start":{"line":102,"column":8},"end":{"line":102,"column":34}}},"branchMap":{"1":{"line":27,"type":"if","locations":[{"start":{"line":27,"column":8},"end":{"line":27,"column":8}},{"start":{"line":27,"column":8},"end":{"line":27,"column":8}}]},"2":{"line":35,"type":"if","locations":[{"start":{"line":35,"column":8},"end":{"line":35,"column":8}},{"start":{"line":35,"column":8},"end":{"line":35,"column":8}}]},"3":{"line":40,"type":"if","locations":[{"start":{"line":40,"column":8},"end":{"line":40,"column":8}},{"start":{"line":40,"column":8},"end":{"line":40,"column":8}}]}}},"contracts\\Token\\NFTMTVSTicket.sol":{"l":{"74":1,"83":2,"85":2,"103":279,"104":279,"105":279,"106":279,"107":279,"108":279,"109":279,"118":3,"119":3,"120":3,"129":3,"130":3,"131":3,"140":0,"141":0,"150":1,"151":1,"153":1,"155":1,"157":1,"166":19,"167":19,"169":19,"171":19,"183":2,"194":20,"195":20},"path":"D:\\METAVERSUS\\bsc-metaversus-contracts\\contracts\\Token\\NFTMTVSTicket.sol","s":{"1":1,"2":2,"3":2,"4":279,"5":279,"6":279,"7":279,"8":279,"9":279,"10":279,"11":3,"12":3,"13":3,"14":3,"15":3,"16":3,"17":0,"18":0,"19":1,"20":1,"21":1,"22":1,"23":1,"24":19,"25":19,"26":19,"27":19,"28":2,"29":20,"30":20},"b":{"1":[2,0],"2":[20,0]},"f":{"1":1,"2":2,"3":279,"4":3,"5":3,"6":0,"7":1,"8":19,"9":2,"10":20},"fnMap":{"1":{"name":"setBaseURI","line":73,"loc":{"start":{"line":73,"column":4},"end":{"line":75,"column":4}}},"2":{"name":"tokenURI","line":82,"loc":{"start":{"line":82,"column":4},"end":{"line":89,"column":4}}},"3":{"name":"initialize","line":102,"loc":{"start":{"line":94,"column":4},"end":{"line":110,"column":4}}},"4":{"name":"setTreasury","line":117,"loc":{"start":{"line":117,"column":4},"end":{"line":121,"column":4}}},"5":{"name":"setPrice","line":128,"loc":{"start":{"line":128,"column":4},"end":{"line":132,"column":4}}},"6":{"name":"setLocked","line":139,"loc":{"start":{"line":139,"column":4},"end":{"line":142,"column":4}}},"7":{"name":"buy","line":149,"loc":{"start":{"line":149,"column":4},"end":{"line":158,"column":4}}},"8":{"name":"mint","line":165,"loc":{"start":{"line":165,"column":4},"end":{"line":172,"column":4}}},"9":{"name":"supportsInterface","line":177,"loc":{"start":{"line":177,"column":4},"end":{"line":184,"column":4}}},"10":{"name":"_beforeTokenTransfer","line":189,"loc":{"start":{"line":189,"column":4},"end":{"line":196,"column":4}}}},"statementMap":{"1":{"start":{"line":74,"column":8},"end":{"line":74,"column":23}},"2":{"start":{"line":83,"column":8},"end":{"line":83,"column":84}},"3":{"start":{"line":85,"column":8},"end":{"line":85,"column":3025}},"4":{"start":{"line":103,"column":8},"end":{"line":103,"column":54}},"5":{"start":{"line":104,"column":8},"end":{"line":104,"column":35}},"6":{"start":{"line":105,"column":8},"end":{"line":105,"column":54}},"7":{"start":{"line":106,"column":8},"end":{"line":106,"column":32}},"8":{"start":{"line":107,"column":8},"end":{"line":107,"column":27}},"9":{"start":{"line":108,"column":8},"end":{"line":108,"column":21}},"10":{"start":{"line":109,"column":8},"end":{"line":109,"column":51}},"11":{"start":{"line":118,"column":8},"end":{"line":118,"column":38}},"12":{"start":{"line":119,"column":8},"end":{"line":119,"column":25}},"13":{"start":{"line":120,"column":8},"end":{"line":120,"column":47}},"14":{"start":{"line":129,"column":8},"end":{"line":129,"column":32}},"15":{"start":{"line":130,"column":8},"end":{"line":130,"column":23}},"16":{"start":{"line":131,"column":8},"end":{"line":131,"column":38}},"17":{"start":{"line":140,"column":8},"end":{"line":140,"column":24}},"18":{"start":{"line":141,"column":8},"end":{"line":141,"column":30}},"19":{"start":{"line":150,"column":8},"end":{"line":150,"column":31}},"20":{"start":{"line":151,"column":8},"end":{"line":151,"column":48}},"21":{"start":{"line":153,"column":8},"end":{"line":153,"column":67}},"22":{"start":{"line":155,"column":8},"end":{"line":155,"column":35}},"23":{"start":{"line":157,"column":8},"end":{"line":157,"column":42}},"24":{"start":{"line":166,"column":8},"end":{"line":166,"column":31}},"25":{"start":{"line":167,"column":8},"end":{"line":167,"column":48}},"26":{"start":{"line":169,"column":8},"end":{"line":169,"column":31}},"27":{"start":{"line":171,"column":8},"end":{"line":171,"column":38}},"28":{"start":{"line":183,"column":8},"end":{"line":183,"column":51}},"29":{"start":{"line":194,"column":8},"end":{"line":194,"column":52}},"30":{"start":{"line":195,"column":8},"end":{"line":195,"column":61}}},"branchMap":{"1":{"line":83,"type":"if","locations":[{"start":{"line":83,"column":8},"end":{"line":83,"column":8}},{"start":{"line":83,"column":8},"end":{"line":83,"column":8}}]},"2":{"line":195,"type":"if","locations":[{"start":{"line":195,"column":8},"end":{"line":195,"column":8}},{"start":{"line":195,"column":8},"end":{"line":195,"column":8}}]}}},"contracts\\Token\\TokenMintERC1155.sol":{"l":{"74":192,"75":192,"76":192,"77":192,"78":192,"79":192,"80":192,"87":3,"94":1,"106":40,"115":3,"116":3,"117":3,"126":1,"127":1,"128":1,"137":5,"138":5,"140":5,"142":5,"144":5,"146":5,"166":5,"167":5,"169":5,"171":5,"173":5,"182":2},"path":"D:\\METAVERSUS\\bsc-metaversus-contracts\\contracts\\Token\\TokenMintERC1155.sol","s":{"1":192,"2":192,"3":192,"4":192,"5":192,"6":192,"7":192,"8":3,"9":1,"10":40,"11":3,"12":3,"13":3,"14":1,"15":1,"16":1,"17":5,"18":5,"19":5,"20":5,"21":5,"22":5,"23":5,"24":5,"25":5,"26":5,"27":5,"28":2},"b":{},"f":{"1":192,"2":3,"3":1,"4":40,"5":3,"6":1,"7":5,"8":5,"9":2},"fnMap":{"1":{"name":"initialize","line":73,"loc":{"start":{"line":66,"column":4},"end":{"line":81,"column":4}}},"2":{"name":"uri","line":86,"loc":{"start":{"line":86,"column":4},"end":{"line":88,"column":4}}},"3":{"name":"setURI","line":93,"loc":{"start":{"line":93,"column":4},"end":{"line":95,"column":4}}},"4":{"name":"supportsInterface","line":100,"loc":{"start":{"line":100,"column":4},"end":{"line":107,"column":4}}},"5":{"name":"setTreasury","line":114,"loc":{"start":{"line":114,"column":4},"end":{"line":118,"column":4}}},"6":{"name":"setPrice","line":125,"loc":{"start":{"line":125,"column":4},"end":{"line":129,"column":4}}},"7":{"name":"buy","line":136,"loc":{"start":{"line":136,"column":4},"end":{"line":147,"column":4}}},"8":{"name":"mint","line":164,"loc":{"start":{"line":154,"column":4},"end":{"line":174,"column":4}}},"9":{"name":"getTokenCounter","line":181,"loc":{"start":{"line":181,"column":4},"end":{"line":183,"column":4}}}},"statementMap":{"1":{"start":{"line":74,"column":8},"end":{"line":74,"column":47}},"2":{"start":{"line":75,"column":8},"end":{"line":75,"column":35}},"3":{"start":{"line":76,"column":8},"end":{"line":76,"column":54}},"4":{"start":{"line":77,"column":8},"end":{"line":77,"column":32}},"5":{"start":{"line":78,"column":8},"end":{"line":78,"column":27}},"6":{"start":{"line":79,"column":8},"end":{"line":79,"column":21}},"7":{"start":{"line":80,"column":8},"end":{"line":80,"column":51}},"8":{"start":{"line":87,"column":8},"end":{"line":87,"column":28}},"9":{"start":{"line":94,"column":8},"end":{"line":94,"column":29}},"10":{"start":{"line":106,"column":8},"end":{"line":106,"column":51}},"11":{"start":{"line":115,"column":8},"end":{"line":115,"column":38}},"12":{"start":{"line":116,"column":8},"end":{"line":116,"column":25}},"13":{"start":{"line":117,"column":8},"end":{"line":117,"column":47}},"14":{"start":{"line":126,"column":8},"end":{"line":126,"column":32}},"15":{"start":{"line":127,"column":8},"end":{"line":127,"column":23}},"16":{"start":{"line":128,"column":8},"end":{"line":128,"column":38}},"17":{"start":{"line":137,"column":8},"end":{"line":137,"column":32}},"18":{"start":{"line":138,"column":8},"end":{"line":138,"column":49}},"19":{"start":{"line":140,"column":8},"end":{"line":140,"column":29}},"20":{"start":{"line":142,"column":8},"end":{"line":142,"column":67}},"21":{"start":{"line":144,"column":8},"end":{"line":144,"column":47}},"22":{"start":{"line":146,"column":8},"end":{"line":146,"column":42}},"23":{"start":{"line":166,"column":8},"end":{"line":166,"column":32}},"24":{"start":{"line":167,"column":8},"end":{"line":167,"column":49}},"25":{"start":{"line":169,"column":8},"end":{"line":169,"column":29}},"26":{"start":{"line":171,"column":8},"end":{"line":171,"column":43}},"27":{"start":{"line":173,"column":8},"end":{"line":173,"column":38}},"28":{"start":{"line":182,"column":8},"end":{"line":182,"column":38}}},"branchMap":{}},"contracts\\Token\\TokenMintERC721.sol":{"l":{"67":1,"76":4,"78":4,"80":4,"96":195,"97":195,"98":195,"99":195,"100":195,"101":195,"102":195,"111":3,"112":3,"113":3,"122":4,"123":4,"124":4,"133":9,"134":9,"136":9,"137":9,"138":9,"140":9,"153":9,"154":9,"156":9,"158":9,"160":9,"172":48,"181":5},"path":"D:\\METAVERSUS\\bsc-metaversus-contracts\\contracts\\Token\\TokenMintERC721.sol","s":{"1":1,"2":4,"3":4,"4":4,"5":195,"6":195,"7":195,"8":195,"9":195,"10":195,"11":195,"12":3,"13":3,"14":3,"15":4,"16":4,"17":4,"18":9,"19":9,"20":9,"21":9,"22":9,"23":9,"24":9,"25":9,"26":9,"27":9,"28":9,"29":48,"30":5},"b":{"1":[4,0]},"f":{"1":1,"2":4,"3":195,"4":3,"5":4,"6":9,"7":9,"8":48,"9":5},"fnMap":{"1":{"name":"setTokenURI","line":66,"loc":{"start":{"line":66,"column":4},"end":{"line":68,"column":4}}},"2":{"name":"tokenURI","line":75,"loc":{"start":{"line":75,"column":4},"end":{"line":82,"column":4}}},"3":{"name":"initialize","line":95,"loc":{"start":{"line":87,"column":4},"end":{"line":103,"column":4}}},"4":{"name":"setTreasury","line":110,"loc":{"start":{"line":110,"column":4},"end":{"line":114,"column":4}}},"5":{"name":"setPrice","line":121,"loc":{"start":{"line":121,"column":4},"end":{"line":125,"column":4}}},"6":{"name":"buy","line":132,"loc":{"start":{"line":132,"column":4},"end":{"line":141,"column":4}}},"7":{"name":"mint","line":152,"loc":{"start":{"line":148,"column":4},"end":{"line":161,"column":4}}},"8":{"name":"supportsInterface","line":166,"loc":{"start":{"line":166,"column":4},"end":{"line":173,"column":4}}},"9":{"name":"getTokenCounter","line":180,"loc":{"start":{"line":180,"column":4},"end":{"line":182,"column":4}}}},"statementMap":{"1":{"start":{"line":67,"column":8},"end":{"line":67,"column":29}},"2":{"start":{"line":76,"column":8},"end":{"line":76,"column":84}},"3":{"start":{"line":78,"column":8},"end":{"line":78,"column":48}},"4":{"start":{"line":80,"column":8},"end":{"line":80,"column":2957}},"5":{"start":{"line":96,"column":8},"end":{"line":96,"column":54}},"6":{"start":{"line":97,"column":8},"end":{"line":97,"column":35}},"7":{"start":{"line":98,"column":8},"end":{"line":98,"column":54}},"8":{"start":{"line":99,"column":8},"end":{"line":99,"column":32}},"9":{"start":{"line":100,"column":8},"end":{"line":100,"column":27}},"10":{"start":{"line":101,"column":8},"end":{"line":101,"column":21}},"11":{"start":{"line":102,"column":8},"end":{"line":102,"column":51}},"12":{"start":{"line":111,"column":8},"end":{"line":111,"column":38}},"13":{"start":{"line":112,"column":8},"end":{"line":112,"column":25}},"14":{"start":{"line":113,"column":8},"end":{"line":113,"column":47}},"15":{"start":{"line":122,"column":8},"end":{"line":122,"column":32}},"16":{"start":{"line":123,"column":8},"end":{"line":123,"column":23}},"17":{"start":{"line":124,"column":8},"end":{"line":124,"column":38}},"18":{"start":{"line":133,"column":8},"end":{"line":133,"column":32}},"19":{"start":{"line":134,"column":8},"end":{"line":134,"column":49}},"20":{"start":{"line":136,"column":8},"end":{"line":136,"column":26}},"21":{"start":{"line":137,"column":8},"end":{"line":137,"column":35}},"22":{"start":{"line":138,"column":8},"end":{"line":138,"column":67}},"23":{"start":{"line":140,"column":8},"end":{"line":140,"column":42}},"24":{"start":{"line":153,"column":8},"end":{"line":153,"column":32}},"25":{"start":{"line":154,"column":8},"end":{"line":154,"column":49}},"26":{"start":{"line":156,"column":8},"end":{"line":156,"column":26}},"27":{"start":{"line":158,"column":8},"end":{"line":158,"column":31}},"28":{"start":{"line":160,"column":8},"end":{"line":160,"column":38}},"29":{"start":{"line":172,"column":8},"end":{"line":172,"column":51}},"30":{"start":{"line":181,"column":8},"end":{"line":181,"column":38}}},"branchMap":{"1":{"line":76,"type":"if","locations":[{"start":{"line":76,"column":8},"end":{"line":76,"column":8}},{"start":{"line":76,"column":8},"end":{"line":76,"column":8}}]}}},"contracts\\Token\\Treasury.sol":{"l":{"38":456,"39":456,"46":5,"58":6,"59":5,"61":1,"64":6,"82":2,"83":1,"85":1},"path":"D:\\METAVERSUS\\bsc-metaversus-contracts\\contracts\\Token\\Treasury.sol","s":{"1":456,"2":456,"3":5,"4":6,"5":5,"6":1,"7":1,"8":6,"9":2,"10":1,"11":1},"b":{"1":[5,1],"2":[1,0],"3":[1,1]},"f":{"1":456,"2":5,"3":6,"4":2},"fnMap":{"1":{"name":"initialize","line":37,"loc":{"start":{"line":37,"column":4},"end":{"line":40,"column":4}}},"2":{"name":"isPermitedToken","line":45,"loc":{"start":{"line":45,"column":4},"end":{"line":47,"column":4}}},"3":{"name":"setPermitedPaymentToken","line":56,"loc":{"start":{"line":52,"column":4},"end":{"line":65,"column":4}}},"4":{"name":"distribute","line":80,"loc":{"start":{"line":70,"column":4},"end":{"line":86,"column":4}}}},"statementMap":{"1":{"start":{"line":38,"column":8},"end":{"line":38,"column":35}},"2":{"start":{"line":39,"column":8},"end":{"line":39,"column":32}},"3":{"start":{"line":46,"column":8},"end":{"line":46,"column":54}},"4":{"start":{"line":58,"column":8},"end":{"line":58,"column":2062}},"5":{"start":{"line":59,"column":12},"end":{"line":59,"column":45}},"6":{"start":{"line":60,"column":15},"end":{"line":60,"column":2140}},"7":{"start":{"line":61,"column":12},"end":{"line":61,"column":48}},"8":{"start":{"line":64,"column":8},"end":{"line":64,"column":50}},"9":{"start":{"line":82,"column":8},"end":{"line":82,"column":78}},"10":{"start":{"line":83,"column":8},"end":{"line":83,"column":75}},"11":{"start":{"line":85,"column":8},"end":{"line":85,"column":62}}},"branchMap":{"1":{"line":58,"type":"if","locations":[{"start":{"line":58,"column":8},"end":{"line":58,"column":8}},{"start":{"line":58,"column":8},"end":{"line":58,"column":8}}]},"2":{"line":60,"type":"if","locations":[{"start":{"line":60,"column":15},"end":{"line":60,"column":15}},{"start":{"line":60,"column":15},"end":{"line":60,"column":15}}]},"3":{"line":82,"type":"if","locations":[{"start":{"line":82,"column":8},"end":{"line":82,"column":8}},{"start":{"line":82,"column":8},"end":{"line":82,"column":8}}]}}},"contracts\\VRF\\RandomVRF.sol":{"l":{"26":5,"30":3,"38":27,"39":27,"48":1,"49":1,"51":1,"60":2,"61":1,"62":1,"63":1,"70":0,"72":0,"81":1,"82":0,"91":3,"100":3,"109":3,"111":3},"path":"D:\\METAVERSUS\\bsc-metaversus-contracts\\contracts\\VRF\\RandomVRF.sol","s":{"1":5,"2":27,"3":27,"4":1,"5":1,"6":1,"7":2,"8":1,"9":1,"10":1,"11":0,"12":0,"13":1,"14":0,"15":3,"16":3,"17":3,"18":3},"b":{"1":[3,2],"2":[1,1],"3":[0,1]},"f":{"1":5,"2":27,"3":1,"4":2,"5":0,"6":1,"7":3,"8":3,"9":3},"fnMap":{"1":{"name":"onlyOwnerOrAdmin","line":25,"loc":{"start":{"line":25,"column":4},"end":{"line":31,"column":4}}},"2":{"name":"constructor","line":37,"loc":{"start":{"line":33,"column":4},"end":{"line":40,"column":4}}},"3":{"name":"setKeyHashAndFee","line":47,"loc":{"start":{"line":47,"column":4},"end":{"line":52,"column":4}}},"4":{"name":"getRandomNumber","line":59,"loc":{"start":{"line":59,"column":4},"end":{"line":64,"column":4}}},"5":{"name":"fulfillRandomness","line":69,"loc":{"start":{"line":69,"column":4},"end":{"line":73,"column":4}}},"6":{"name":"randomForRequestID","line":80,"loc":{"start":{"line":80,"column":4},"end":{"line":83,"column":4}}},"7":{"name":"isRequestIDFulfilled","line":90,"loc":{"start":{"line":90,"column":4},"end":{"line":92,"column":4}}},"8":{"name":"isAdmin","line":99,"loc":{"start":{"line":99,"column":4},"end":{"line":101,"column":4}}},"9":{"name":"setAdmin","line":108,"loc":{"start":{"line":108,"column":4},"end":{"line":112,"column":4}}}},"statementMap":{"1":{"start":{"line":26,"column":8},"end":{"line":26,"column":909}},"2":{"start":{"line":38,"column":8},"end":{"line":38,"column":25}},"3":{"start":{"line":39,"column":8},"end":{"line":39,"column":17}},"4":{"start":{"line":48,"column":8},"end":{"line":48,"column":17}},"5":{"start":{"line":49,"column":8},"end":{"line":49,"column":25}},"6":{"start":{"line":51,"column":8},"end":{"line":51,"column":43}},"7":{"start":{"line":60,"column":8},"end":{"line":60,"column":78}},"8":{"start":{"line":61,"column":8},"end":{"line":61,"column":55}},"9":{"start":{"line":62,"column":8},"end":{"line":62,"column":29}},"10":{"start":{"line":63,"column":8},"end":{"line":63,"column":20}},"11":{"start":{"line":70,"column":8},"end":{"line":70,"column":54}},"12":{"start":{"line":72,"column":8},"end":{"line":72,"column":48}},"13":{"start":{"line":81,"column":8},"end":{"line":81,"column":73}},"14":{"start":{"line":82,"column":8},"end":{"line":82,"column":48}},"15":{"start":{"line":91,"column":8},"end":{"line":91,"column":53}},"16":{"start":{"line":100,"column":8},"end":{"line":100,"column":30}},"17":{"start":{"line":109,"column":8},"end":{"line":109,"column":28}},"18":{"start":{"line":111,"column":8},"end":{"line":111,"column":35}}},"branchMap":{"1":{"line":26,"type":"if","locations":[{"start":{"line":26,"column":8},"end":{"line":26,"column":8}},{"start":{"line":26,"column":8},"end":{"line":26,"column":8}}]},"2":{"line":60,"type":"if","locations":[{"start":{"line":60,"column":8},"end":{"line":60,"column":8}},{"start":{"line":60,"column":8},"end":{"line":60,"column":8}}]},"3":{"line":81,"type":"if","locations":[{"start":{"line":81,"column":8},"end":{"line":81,"column":8}},{"start":{"line":81,"column":8},"end":{"line":81,"column":8}}]}}}}